Log file open, 02/21/18 14:15:14
LogWindows: Failed to load 'aqProf.dll' (GetLastError=126)
LogWindows: File 'aqProf.dll' does not exist
LogWindows: Failed to load 'VSPerf140.dll' (GetLastError=126)
LogWindows: File 'VSPerf140.dll' does not exist
LogWindows: Failed to load 'VtuneApi.dll' (GetLastError=126)
LogWindows: File 'VtuneApi.dll' does not exist
LogWindows: Failed to load 'VtuneApi32e.dll' (GetLastError=126)
LogWindows: File 'VtuneApi32e.dll' does not exist
LogInit: Display: Running engine for game: GladiatorArena
LogPlatformFile: Not using cached read wrapper
LogInit: Display: RandInit(-1108414131) SRandInit(-1108414131).
LogTaskGraph: Started task graph with 5 named threads and 14 total threads with 3 sets of task threads.
LogStats: Stats thread started at 0.167406
LogD3D11RHI: Aftermath initialized
LogPluginManager: Mounting plugin Paper2D
LogPluginManager: Mounting plugin LightPropagationVolume
LogPluginManager: Mounting plugin CodeLiteSourceCodeAccess
LogPluginManager: Mounting plugin GitSourceControl
LogPluginManager: Mounting plugin KDevelopSourceCodeAccess
LogPluginManager: Mounting plugin NullSourceCodeAccess
LogPluginManager: Mounting plugin PerforceSourceControl
LogPluginManager: Mounting plugin SubversionSourceControl
LogPluginManager: Mounting plugin UObjectPlugin
LogPluginManager: Mounting plugin VisualStudioSourceCodeAccess
LogPluginManager: Mounting plugin XCodeSourceCodeAccess
LogPluginManager: Mounting plugin AssetManagerEditor
LogPluginManager: Mounting plugin AudioCapture
LogPluginManager: Mounting plugin FacialAnimation
LogPluginManager: Mounting plugin GameplayTagsEditor
LogPluginManager: Mounting plugin MobileLauncherProfileWizard
LogPluginManager: Mounting plugin PluginBrowser
LogPluginManager: Mounting plugin SpeedTreeImporter
LogPluginManager: Mounting plugin AlembicImporter
LogPluginManager: Mounting plugin CharacterAI
LogPluginManager: Mounting plugin HTML5Networking
LogPluginManager: Mounting plugin AndroidMedia
LogPluginManager: Mounting plugin AvfMedia
LogPluginManager: Mounting plugin MediaPlayerEditor
LogPluginManager: Mounting plugin WmfMedia
LogPluginManager: Mounting plugin TcpMessaging
LogPluginManager: Mounting plugin UdpMessaging
LogPluginManager: Mounting plugin LevelSequenceEditor
LogPluginManager: Mounting plugin MatineeToLevelSequence
LogPluginManager: Mounting plugin OnlineSubsystemGooglePlay
LogPluginManager: Mounting plugin OnlineSubsystemIOS
LogPluginManager: Mounting plugin OnlineSubsystem
LogPluginManager: Mounting plugin OnlineSubsystemNull
LogPluginManager: Mounting plugin OnlineSubsystemUtils
LogPluginManager: Mounting plugin AndroidDeviceProfileSelector
LogPluginManager: Mounting plugin AndroidMoviePlayer
LogPluginManager: Mounting plugin AndroidPermission
LogPluginManager: Mounting plugin AppleMoviePlayer
LogPluginManager: Mounting plugin ArchVisCharacter
LogPluginManager: Mounting plugin CableComponent
LogPluginManager: Mounting plugin CustomMeshComponent
LogPluginManager: Mounting plugin ExampleDeviceProfileSelector
LogPluginManager: Mounting plugin GoogleCloudMessaging
LogPluginManager: Mounting plugin ImmediatePhysics
LogPluginManager: Mounting plugin IOSDeviceProfileSelector
LogPluginManager: Mounting plugin LinuxDeviceProfileSelector
LogPluginManager: Mounting plugin LocationServicesBPLibrary
LogPluginManager: Mounting plugin MobilePatchingUtils
LogPluginManager: Mounting plugin OculusVR
LogPluginManager: Mounting plugin PhysXVehicles
LogPluginManager: Mounting plugin ProceduralMeshComponent
LogPluginManager: Mounting plugin RuntimePhysXCooking
LogPluginManager: Mounting plugin SteamVR
LogPluginManager: Mounting plugin WindowsMoviePlayer
LogInit: Using libcurl 7.47.1
LogInit:  - built for x86_64-pc-win32
LogInit:  - supports SSL with OpenSSL/1.0.2g
LogInit:  - supports HTTP deflate (compression) using libz 1.2.8
LogInit:  - other features:
LogInit:      CURL_VERSION_SSL
LogInit:      CURL_VERSION_LIBZ
LogInit:      CURL_VERSION_IPV6
LogInit:      CURL_VERSION_ASYNCHDNS
LogInit:      CURL_VERSION_LARGEFILE
LogInit:      CURL_VERSION_IDN
LogInit:  CurlRequestOptions (configurable via config and command line):
LogInit:  - bVerifyPeer = false  - Libcurl will NOT verify peer certificate
LogInit:  - bUseHttpProxy = false  - Libcurl will NOT use HTTP proxy
LogInit:  - bDontReuseConnections = false  - Libcurl will reuse connections
LogInit:  - CertBundlePath = nullptr  - Libcurl will use whatever was configured at build time.
LogInit: Build: ++UE4+Release-4.17-CL-3658906
LogInit: Engine Version: 4.17.2-3658906+++UE4+Release-4.17
LogInit: Compatible Engine Version: 4.17.0-3573198+++UE4+Release-4.17
LogInit: Net CL: 3573198
LogDevObjectVersion: Number of dev versions registered: 16
LogDevObjectVersion:   Dev-Blueprints (B0D832E4-1F89-4F0D-ACCF-7EB736FD4AA2): 10
LogDevObjectVersion:   Dev-Build (E1C64328-A22C-4D53-A36C-8E866417BD8C): 0
LogDevObjectVersion:   Dev-Core (375EC13C-06E4-48FB-B500-84F0262A717E): 2
LogDevObjectVersion:   Dev-Editor (E4B068ED-F494-42E9-A231-DA0B2E46BB41): 20
LogDevObjectVersion:   Dev-Framework (CFFC743F-43B0-4480-9391-14DF171D2073): 28
LogDevObjectVersion:   Dev-Mobile (B02B49B5-BB20-44E9-A304-32B752E40360): 0
LogDevObjectVersion:   Dev-Networking (A4E4105C-59A1-49B5-A7C5-40C4547EDFEE): 0
LogDevObjectVersion:   Dev-Online (39C831C9-5AE6-47DC-9A44-9C173E1C8E7C): 0
LogDevObjectVersion:   Dev-Physics (78F01B33-EBEA-4F98-B9B4-84EACCB95AA2): 0
LogDevObjectVersion:   Dev-Platform (6631380F-2D4D-43E0-8009-CF276956A95A): 0
LogDevObjectVersion:   Dev-Rendering (12F88B9F-8875-4AFC-A67C-D90C383ABD29): 19
LogDevObjectVersion:   Dev-Sequencer (7B5AE74C-D270-4C10-A958-57980B212A5A): 4
LogDevObjectVersion:   Dev-VR (D7296918-1DD6-4BDD-9DE2-64A83CC13884): 0
LogDevObjectVersion:   Dev-LoadTimes (C2A15278-BFE7-4AFE-6C17-90FF531DF755): 1
LogDevObjectVersion:   Private-Geometry (6EACA3D4-40EC-4CC1-B786-8BED09428FC5): 1
LogDevObjectVersion:   Dev-AnimPhys (29E575DD-E0A3-4627-9D10-D276232CDCEA): 7
LogInit: Compiled (64-bit): Sep 22 2017 13:47:16
LogInit: Compiled with Visual C++: 19.00.24215.01
LogInit: Build Configuration: Development
LogInit: Branch Name: ++UE4+Release-4.17
LogInit: Command line: -EpicPortal 
LogInit: Base directory: C:/Program Files/Epic Games/UE_4.17/Engine/Binaries/Win64/
LogInit: Installed Engine Build: 1
LogInit: Presizing for max 8388607 objects, including 0 objects not considered by GC, pre-allocating 0 bytes for permanent pool.
LogInit: Object subsystem initialized
[2018.02.21-12.15.15:136][  0]LogInit: Selected Device Profile: [Windows]
[2018.02.21-12.15.15:136][  0]LogInit: Applying CVar settings loaded from the selected device profile: [Windows]
[2018.02.21-12.15.15:143][  0]LogInit: Computer: AOTA1-1L141-10D
[2018.02.21-12.15.15:143][  0]LogInit: User: mirosal
[2018.02.21-12.15.15:143][  0]LogInit: CPU Page size=4096, Cores=4
[2018.02.21-12.15.15:143][  0]LogInit: High frequency timer resolution =3.328127 MHz
[2018.02.21-12.15.15:143][  0]LogMemory: Memory total: Physical=15.9GB (16GB approx)
[2018.02.21-12.15.15:143][  0]LogMemory: Platform Memory Stats for Windows
[2018.02.21-12.15.15:143][  0]LogMemory: Process Physical Memory: 278.66 MB used, 278.66 MB peak
[2018.02.21-12.15.15:143][  0]LogMemory: Process Virtual Memory: 274.54 MB used, 274.54 MB peak
[2018.02.21-12.15.15:143][  0]LogMemory: Physical Memory: 6760.15 MB used,  9504.14 MB free, 16264.30 MB total
[2018.02.21-12.15.15:143][  0]LogMemory: Virtual Memory: 656.20 MB used,  9504.14 MB free, 134217728.00 MB total
[2018.02.21-12.15.15:309][  0]LogInit: Using OS detected language (en-US).
[2018.02.21-12.15.15:310][  0]LogInit: Using OS detected locale (fi-FI).
[2018.02.21-12.15.15:312][  0]LogTextLocalizationManager: No specific localization for 'en-US' exists, so the 'en' localization will be used.
[2018.02.21-12.15.15:312][  0]LogTextLocalizationManager: No localization for 'fi-FI' exists, so 'en-US' will be used for the locale.
[2018.02.21-12.15.15:980][  0]LogD3D11RHI: D3D11 adapters:
[2018.02.21-12.15.16:014][  0]LogD3D11RHI:    0. 'NVIDIA GeForce GT 730' (Feature Level 11_0)
[2018.02.21-12.15.16:014][  0]LogD3D11RHI:       2018/0/8132 MB DedicatedVideo/DedicatedSystem/SharedSystem, Outputs:2, VendorId:0x10de
[2018.02.21-12.15.16:020][  0]LogD3D11RHI:    1. 'Intel(R) HD Graphics 530' (Feature Level 11_0)
[2018.02.21-12.15.16:020][  0]LogD3D11RHI:       128/0/8132 MB DedicatedVideo/DedicatedSystem/SharedSystem, Outputs:0, VendorId:0x8086
[2018.02.21-12.15.16:021][  0]LogD3D11RHI:    2. 'Microsoft Basic Render Driver' (Feature Level 11_0)
[2018.02.21-12.15.16:021][  0]LogD3D11RHI:       0/0/8132 MB DedicatedVideo/DedicatedSystem/SharedSystem, Outputs:0, VendorId:0x1414
[2018.02.21-12.15.16:021][  0]LogD3D11RHI: Chosen D3D11 Adapter: 0
[2018.02.21-12.15.16:028][  0]LogD3D11RHI: Creating new Direct3DDevice
[2018.02.21-12.15.16:028][  0]LogD3D11RHI:     GPU DeviceId: 0x1287 (for the marketing name, search the web for "GPU Device Id")
[2018.02.21-12.15.16:028][  0]LogWindows: EnumDisplayDevices:
[2018.02.21-12.15.16:028][  0]LogWindows:    0. 'NVIDIA GeForce GT 730' (P:1 D:1)
[2018.02.21-12.15.16:028][  0]LogWindows:    1. 'NVIDIA GeForce GT 730' (P:0 D:1)
[2018.02.21-12.15.16:028][  0]LogWindows:    2. 'NVIDIA GeForce GT 730' (P:0 D:0)
[2018.02.21-12.15.16:028][  0]LogWindows:    3. 'NVIDIA GeForce GT 730' (P:0 D:0)
[2018.02.21-12.15.16:029][  0]LogWindows:    4. 'Intel(R) HD Graphics 530' (P:0 D:0)
[2018.02.21-12.15.16:029][  0]LogWindows:    5. 'Intel(R) HD Graphics 530' (P:0 D:0)
[2018.02.21-12.15.16:029][  0]LogWindows:    6. 'Intel(R) HD Graphics 530' (P:0 D:0)
[2018.02.21-12.15.16:029][  0]LogWindows: DebugString: PrimaryIsNotTheChoosenAdapter PrimaryIsNotTheChoosenAdapter PrimaryIsNotTheChoosenAdapter FoundDriverCount:4 
[2018.02.21-12.15.16:029][  0]LogD3D11RHI:     Adapter Name: NVIDIA GeForce GT 730
[2018.02.21-12.15.16:029][  0]LogD3D11RHI:   Driver Version: 382.98 (internal:22.21.13.8298, unified:382.98)
[2018.02.21-12.15.16:029][  0]LogD3D11RHI:      Driver Date: 8-17-2017
[2018.02.21-12.15.16:029][  0]LogRHI: Texture pool is 1361 MB (70% of 1945 MB)
[2018.02.21-12.15.16:058][  0]LogD3D11RHI: Async texture creation enabled
[2018.02.21-12.15.16:075][  0]LogD3D11RHI: GPU Timing Frequency: 1000.000000 (Debug: 2 2)
[2018.02.21-12.15.16:119][  0]LogShaderCompilers: Guid format shader working directory is -25 characters bigger than the processId version (../../../../../../Users/mirosal/Documents/Unreal Projects/GladiatorArena/Intermediate/Shaders/WorkingDirectory/16948/).
[2018.02.21-12.15.16:119][  0]LogShaderCompilers: Cleaned the shader compiler working directory 'C:/Users/mirosal/AppData/Local/Temp/UnrealShaderWorkingDir/7C99264D4555C833DEE6C1A46F42980F/'.
[2018.02.21-12.15.16:119][  0]LogShaderCompilers: Display: Using Local Shader Compiler.
[2018.02.21-12.15.17:048][  0]LogTemp: Display: Loaded TP AllDesktopTargetPlatform
[2018.02.21-12.15.17:096][  0]LogTemp: Display: Loaded TP MacClientTargetPlatform
[2018.02.21-12.15.17:141][  0]LogTemp: Display: Loaded TP MacNoEditorTargetPlatform
[2018.02.21-12.15.17:190][  0]LogTemp: Display: Loaded TP MacServerTargetPlatform
[2018.02.21-12.15.17:239][  0]LogTemp: Display: Loaded TP MacTargetPlatform
[2018.02.21-12.15.17:289][  0]LogTemp: Display: Loaded TP WindowsClientTargetPlatform
[2018.02.21-12.15.17:341][  0]LogTemp: Display: Loaded TP WindowsNoEditorTargetPlatform
[2018.02.21-12.15.17:390][  0]LogTemp: Display: Loaded TP WindowsServerTargetPlatform
[2018.02.21-12.15.17:442][  0]LogTemp: Display: Loaded TP WindowsTargetPlatform
[2018.02.21-12.15.17:489][  0]LogTemp: Display: Loaded TP AndroidTargetPlatform
[2018.02.21-12.15.17:539][  0]LogTemp: Display: Loaded TP Android_ASTCTargetPlatform
[2018.02.21-12.15.17:584][  0]LogTemp: Display: Loaded TP Android_ATCTargetPlatform
[2018.02.21-12.15.17:637][  0]LogTemp: Display: Loaded TP Android_DXTTargetPlatform
[2018.02.21-12.15.17:689][  0]LogTemp: Display: Loaded TP Android_ETC1TargetPlatform
[2018.02.21-12.15.17:738][  0]LogTemp: Display: Loaded TP Android_ETC2TargetPlatform
[2018.02.21-12.15.17:833][  0]LogTemp: Display: Loaded TP Android_MultiTargetPlatform
[2018.02.21-12.15.17:834][  0]LogTemp: Display: Loaded TP Android_PVRTCTargetPlatform
[2018.02.21-12.15.17:873][  0]LogTemp: Display: Loaded TP HTML5TargetPlatform
[2018.02.21-12.15.17:969][  0]LogTemp: Display: Loaded TP IOSTargetPlatform
[2018.02.21-12.15.17:995][  0]LogTemp: Display: Loaded TP TVOSTargetPlatform
[2018.02.21-12.15.18:046][  0]LogTemp: Display: Loaded TP LinuxClientTargetPlatform
[2018.02.21-12.15.18:099][  0]LogTemp: Display: Loaded TP LinuxNoEditorTargetPlatform
[2018.02.21-12.15.18:152][  0]LogTemp: Display: Loaded TP LinuxServerTargetPlatform
[2018.02.21-12.15.18:205][  0]LogTemp: Display: Loaded TP LinuxTargetPlatform
[2018.02.21-12.15.18:206][  0]LogTargetPlatformManager: Display: Building Assets For Windows
[2018.02.21-12.15.18:675][  0]LogDerivedDataCache: Display: Max Cache Size: 512 MB
[2018.02.21-12.15.18:774][  0]LogDerivedDataCache: Loaded boot cache 0.10s 93MB C:/Users/mirosal/AppData/Local/UnrealEngine/4.17/DerivedDataCache/Boot.ddc.
[2018.02.21-12.15.18:774][  0]LogDerivedDataCache: Display: Loaded Boot cache: C:/Users/mirosal/AppData/Local/UnrealEngine/4.17/DerivedDataCache/Boot.ddc
[2018.02.21-12.15.18:774][  0]LogDerivedDataCache: FDerivedDataBackendGraph:  Pak pak cache file ../../../../../../Users/mirosal/Documents/Unreal Projects/GladiatorArena/DerivedDataCache/DDC.ddp not found, will not use a pak cache.
[2018.02.21-12.15.18:774][  0]LogDerivedDataCache: Unable to find inner node Pak for hierarchical cache Hierarchy.
[2018.02.21-12.15.18:774][  0]LogDerivedDataCache: FDerivedDataBackendGraph:  CompressedPak pak cache file ../../../../../../Users/mirosal/Documents/Unreal Projects/GladiatorArena/DerivedDataCache/Compressed.ddp not found, will not use a pak cache.
[2018.02.21-12.15.18:774][  0]LogDerivedDataCache: Unable to find inner node CompressedPak for hierarchical cache Hierarchy.
[2018.02.21-12.15.18:788][  0]LogDerivedDataCache: Display: Pak cache opened for reading ../../../Engine/DerivedDataCache/Compressed.ddp.
[2018.02.21-12.15.18:800][  0]LogDerivedDataCache: Using Local data cache path C:/Users/mirosal/AppData/Local/UnrealEngine/Common/DerivedDataCache: Writable
[2018.02.21-12.15.18:809][  0]LogMaterial: Verifying Global Shaders for PCD3D_SM5
[2018.02.21-12.15.18:810][  0]LogSlate: Using Freetype 2.6.0
[2018.02.21-12.15.18:810][  0]LogSlate: SlateFontCache - WITH_FREETYPE: 1, WITH_HARFBUZZ: 1
[2018.02.21-12.15.18:810][  0]LogSlate: SlateFontCache - WITH_FREETYPE: 1, WITH_HARFBUZZ: 1
[2018.02.21-12.15.19:089][  0]LogAssetRegistry: FAssetRegistry took 0.0252 seconds to start up
[2018.02.21-12.15.19:207][  0]LogInit: Selected Device Profile: [Windows]
[2018.02.21-12.15.19:350][  0]LogContentStreaming: Texture pool size is 0.00 MB
[2018.02.21-12.15.19:659][  0]LogSimplygon: Simplygon DLL not present - disabling.
[2018.02.21-12.15.19:698][  0]LogMeshReduction: Using SimplygonSwarm for distributed automatic mesh merging
[2018.02.21-12.15.19:698][  0]LogMeshReduction: Using QuadricMeshReduction for automatic static mesh reduction
[2018.02.21-12.15.19:698][  0]LogMeshReduction: No automatic skeletal mesh reduction module available
[2018.02.21-12.15.19:698][  0]LogMeshReduction: No automatic mesh merging module available
[2018.02.21-12.15.19:698][  0]LogMeshMerging: No automatic mesh merging module available
[2018.02.21-12.15.20:036][  0]LogNetVersion: GladiatorArena , NetCL: 3573198, EngineNetVer: 2, GameNetVer: 0 (Checksum: 3051110858)
[2018.02.21-12.15.20:243][  0]LogPackageLocalizationCache: Processed 5 localized package path(s) for 2 prioritized culture(s) in 0.041797 seconds
[2018.02.21-12.15.20:249][  0]LogUObjectArray: 35825 objects as part of root set at end of initial load.
[2018.02.21-12.15.20:250][  0]LogUObjectAllocator: 7529112 out of 0 bytes used by permanent object pool.
[2018.02.21-12.15.20:250][  0]LogUObjectArray: CloseDisregardForGC: 0/0 objects in disregard for GC pool
[2018.02.21-12.15.20:310][  0]LogInit: WinSock: version 1.1 (2.2), MaxSocks=32767, MaxUdp=65467
[2018.02.21-12.15.22:999][  0]LogTcpMessaging: Initializing TcpMessaging bridge
[2018.02.21-12.15.23:048][  0]LogUdpMessaging: Initializing bridge on interface 0.0.0.0:0 to multicast group 230.0.0.1:6666.
[2018.02.21-12.15.23:736][  0]LogMaterial: Uniform references updated for custom material expression Custom.
[2018.02.21-12.15.24:130][  0]SourceControl: Source control is disabled
[2018.02.21-12.15.24:130][  0]SourceControl: Source control is disabled
[2018.02.21-12.15.24:174][  0]SourceControl: Source control is disabled
[2018.02.21-12.15.24:226][  0]SourceControl: Source control is disabled
[2018.02.21-12.15.24:765][  0]LogAndroidPermission: UAndroidPermissionCallbackProxy::GetInstance
[2018.02.21-12.15.24:983][  0]LogOcInput: OculusInput pre-init called
[2018.02.21-12.15.25:218][  0]LogEngine: Initializing Engine...
[2018.02.21-12.15.25:220][  0]LogHMD: Failed to initialize OpenVR with code 110
[2018.02.21-12.15.25:438][  0]LogStats: UGameplayTagsManager::ConstructGameplayTagTree: Construct from data asset -  0.000 s
[2018.02.21-12.15.25:438][  0]LogStats: UGameplayTagsManager::ConstructGameplayTagTree: GameplayTagTreeChangedEvent.Broadcast -  0.000 s
[2018.02.21-12.15.25:560][  0]LogAIModule: Creating AISystem for world Untitled
[2018.02.21-12.15.25:568][  0]LogInit: XAudio2 using 'Speakers (Realtek High Definition Audio)' : 2 channels at 48 kHz using 32 bits per sample (channel mask 0x3)
[2018.02.21-12.15.25:588][  0]LogInit: FAudioDevice initialized.
[2018.02.21-12.15.25:667][  0]LogDerivedDataCache: Saved boot cache 0.08s 93MB C:/Users/mirosal/AppData/Local/UnrealEngine/4.17/DerivedDataCache/Boot.ddc.
[2018.02.21-12.15.25:671][  0]LogInit: Texture streaming: Enabled
[2018.02.21-12.15.25:786][  0]LogEngineSessionManager: EngineSessionManager initialized
[2018.02.21-12.15.26:037][  0]LogInit: Transaction tracking system initialized
[2018.02.21-12.15.26:373][  0]BlueprintLog: New page: Editor Load
[2018.02.21-12.15.27:283][  0]LocalizationService: Localization service is disabled
[2018.02.21-12.15.27:976][  0]LogConsoleResponse: Display: 
[2018.02.21-12.15.28:135][  0]LogFileCache: Scanning file cache for directory 'C:/Users/mirosal/Documents/Unreal Projects/GladiatorArena/Content/' took 0.01s
[2018.02.21-12.15.28:135][  0]LogCook: Display: Max memory allowance for cook 16384mb min free memory 0mb
[2018.02.21-12.15.28:135][  0]LogCook: Display: Mobile HDR setting 1
[2018.02.21-12.15.28:136][  0]LogGameplayTags: Display: UGameplayTagsManager::DoneAddingNativeTags. DelegateIsBound: 0
[2018.02.21-12.15.29:158][  0]SourceControl: Source control is disabled
[2018.02.21-12.15.29:158][  0]Cmd: MAP LOAD FILE="../../../Engine/Content/Maps/Templates/Template_Default.umap" TEMPLATE=1 SHOWPROGRESS=1 FEATURELEVEL=3
[2018.02.21-12.15.29:158][  0]LightingResults: New page: Lighting Build
[2018.02.21-12.15.29:198][  0]MapCheck: New page: Map Check
[2018.02.21-12.15.29:198][  0]LightingResults: New page: Lighting Build
[2018.02.21-12.15.29:365][  0]LogAIModule: Creating AISystem for world Untitled_1
[2018.02.21-12.15.29:370][  0]LogEditorServer: Finished looking for orphan Actors (0.000 secs)
[2018.02.21-12.15.29:380][  0]Cmd: MAP CHECKDEP NOCLEARLOG
[2018.02.21-12.15.29:429][  0]MapCheck: Map check complete: 0 Error(s), 0 Warning(s), took 48.521ms to complete.
[2018.02.21-12.15.29:430][  0]LogFileHelpers: Loading map 'Template_Default' took 0.271
[2018.02.21-12.15.29:642][  0]LogCollectionManager: Loaded 0 collections in 0.001704 seconds
[2018.02.21-12.15.29:726][  0]LogFileCache: Scanning file cache for directory 'C:/Users/mirosal/Documents/Unreal Projects/GladiatorArena/Saved/Collections/' took 0.01s
[2018.02.21-12.15.29:726][  0]LogFileCache: Scanning file cache for directory 'C:/Users/mirosal/Documents/Unreal Projects/GladiatorArena/Content/Developers/mirosal/Collections/' took 0.01s
[2018.02.21-12.15.29:726][  0]LogFileCache: Scanning file cache for directory 'C:/Users/mirosal/Documents/Unreal Projects/GladiatorArena/Content/Collections/' took 0.01s
[2018.02.21-12.15.29:726][  0]LogCollectionManager: Rebuilt the GUID cache for 0 collections in 0.000001 seconds
[2018.02.21-12.15.29:738][  0]LogContentBrowser: Native class hierarchy populated in 0.0112 seconds. Added 2388 classes and 504 folders.
[2018.02.21-12.15.29:803][  0]LogContentBrowser: Native class hierarchy updated for 'WidgetCarousel' in 0.0013 seconds. Added 0 classes and 0 folders.
[2018.02.21-12.15.29:836][  0]LogContentBrowser: Native class hierarchy updated for 'AddContentDialog' in 0.0012 seconds. Added 0 classes and 0 folders.
[2018.02.21-12.15.29:842][  0]LogSlate: Took 0.000159 seconds to synchronously load lazily loaded font '../../../Engine/Content/Slate/Fonts/Roboto-Regular.ttf' (155K)
[2018.02.21-12.15.29:846][  0]LogSlate: Took 0.000192 seconds to synchronously load lazily loaded font '../../../Engine/Content/Slate/Fonts/Roboto-Bold.ttf' (160K)
[2018.02.21-12.15.29:848][  0]LogSlate: Took 0.000127 seconds to synchronously load lazily loaded font '../../../Engine/Content/Editor/Slate/Fonts/FontAwesome.ttf' (139K)
[2018.02.21-12.15.29:940][  0]LogRenderer: Reallocating scene render targets to support 1516x716 Format 10 NumSamples 1 (Frame:1).
[2018.02.21-12.15.30:143][  0]LogContentBrowser: Native class hierarchy updated for 'HierarchicalLODOutliner' in 0.0015 seconds. Added 1 classes and 2 folders.
[2018.02.21-12.15.30:143][  0]LogLoad: (Engine Initialization) Total time: 16.88 seconds
[2018.02.21-12.15.30:143][  0]LogLoad: (Engine Initialization) Total Blueprint compile time: 0.00 seconds
[2018.02.21-12.15.30:144][  0]LogExternalProfiler: No external profilers were discovered.  External profiling features will not be available.
[2018.02.21-12.15.30:155][  0]LogWindowsTextInputMethodSystem: Display: IME system now deactivated.
[2018.02.21-12.15.30:171][  0]LogAssetRegistry: Asset discovery search completed in 11.1041 seconds
[2018.02.21-12.15.30:173][  0]LogCollectionManager: Rebuilt the object cache for 0 collections in 0.000000 seconds (found 0 objects)
[2018.02.21-12.15.30:173][  0]LogCollectionManager: Fixed up redirectors for 0 collections in 0.000050 seconds (updated 0 objects)
[2018.02.21-12.15.30:176][  0]LogContentStreaming: Texture pool size now 1000 MB
[2018.02.21-12.15.32:053][ 54]LogEditorViewport: Clicking on Actor (LMB): PlayerStart (Player Start)
[2018.02.21-12.15.40:485][294]LogSlate: Took 0.000181 seconds to synchronously load lazily loaded font '../../../Engine/Content/Editor/Slate/Fonts/Roboto-Italic.ttf' (157K)
[2018.02.21-12.15.47:619][505]LogEditorViewport: Clicking on Actor (LMB): StaticMeshActor (Floor)
[2018.02.21-12.16.07:533][456]LogActorFactory: Actor Factory created Sphere
[2018.02.21-12.16.08:348][478]LogActorFactory: Actor Factory created Sphere
[2018.02.21-12.16.45:586][534]LogSlate: Took 0.000138 seconds to synchronously load lazily loaded font '../../../Engine/Content/Slate/Fonts/Roboto-Light.ttf' (159K)
[2018.02.21-12.16.45:912][534]LogContentBrowser: Native class hierarchy updated for 'BlueprintGraph' in 0.0017 seconds. Added 113 classes and 0 folders.
[2018.02.21-12.16.46:624][534]LogSlate: Took 0.000186 seconds to synchronously load lazily loaded font '../../../Engine/Content/Slate/Fonts/Roboto-Light.ttf' (159K)
[2018.02.21-12.17.05:791][519]LogEditorActor: Deleted Actor: Sphere_Blueprint_C
[2018.02.21-12.17.05:807][519]LogEditorActor: Deleted 1 Actors (0.017 secs)
[2018.02.21-12.17.05:808][519]LogEditor: Converted: Sphere_Blueprint to Sphere_Blueprint
[2018.02.21-12.17.05:809][519]EditorErrors: New page: Actor Reattachment
[2018.02.21-12.17.15:009][864]LogSlate: Took 0.000153 seconds to synchronously load lazily loaded font '../../../Engine/Content/Editor/Slate/Fonts/Roboto-BoldCondensed.ttf' (158K)
[2018.02.21-12.17.21:964][864]Running C:/Program Files/Epic Games/UE_4.17/Engine/Binaries/DotNET/UnrealBuildTool.exe GladiatorArena Win64 Development -editorrecompile "C:/Users/mirosal/Documents/Unreal Projects/GladiatorArena/GladiatorArena.uproject" -invalidatemakefilesonly
[2018.02.21-12.17.22:269][864]Invalidating makefiles only in this run.
[2018.02.21-12.17.22:391][864]Candidate modules for hot reload:
[2018.02.21-12.17.22:391][864]  GladiatorArena
[2018.02.21-12.17.22:391][864]Launching UnrealBuildTool... [C:/Program Files/Epic Games/UE_4.17/Engine/Binaries/DotNET/UnrealBuildTool.exe GladiatorArena -ModuleWithSuffix GladiatorArena 299 Win64 Development -editorrecompile -canskiplink "C:/Users/mirosal/Documents/Unreal Projects/GladiatorArena/GladiatorArena.uproject" ]
[2018.02.21-12.17.23:194][864]LogSlate: Took 0.000114 seconds to synchronously load lazily loaded font '../../../Engine/Content/Slate/Fonts/Roboto-Regular.ttf' (155K)
[2018.02.21-12.17.38:459][864]CompilerResultsLog: New page: Compilation - Feb 21, 2018, 4:17:38 PM
[2018.02.21-12.17.38:459][864]CompilerResultsLog: Performing full C++ include scan (hot reloading a new target)
[2018.02.21-12.17.38:460][864]CompilerResultsLog: Compiling game modules for hot reload
[2018.02.21-12.17.38:460][864]CompilerResultsLog: Parsing headers for GladiatorArenaEditor
[2018.02.21-12.17.38:460][864]CompilerResultsLog:   Running UnrealHeaderTool "C:\Users\mirosal\Documents\Unreal Projects\GladiatorArena\GladiatorArena.uproject" "C:\Users\mirosal\Documents\Unreal Projects\GladiatorArena\Intermediate\Build\Win64\GladiatorArenaEditor\Development\GladiatorArenaEditor.uhtmanifest" -LogCmds="loginit warning, logexit warning, logdatabase error" -Unattended -WarningsAsErrors -installed
[2018.02.21-12.17.38:460][864]CompilerResultsLog: Reflection code generated for GladiatorArenaEditor in 7,4407169 seconds
[2018.02.21-12.17.38:460][864]CompilerResultsLog: Performing 5 actions (4 in parallel)
[2018.02.21-12.17.38:460][864]CompilerResultsLog: NewActorComponent.cpp
[2018.02.21-12.17.38:460][864]CompilerResultsLog: NewActorComponent.gen.cpp
[2018.02.21-12.17.38:460][864]CompilerResultsLog: GladiatorArena.init.gen.cpp
[2018.02.21-12.17.38:460][864]CompilerResultsLog: [4/5] Link UE4Editor-GladiatorArena-299.dll
[2018.02.21-12.17.38:460][864]CompilerResultsLog: [5/5] Link UE4Editor-GladiatorArena-299.lib
[2018.02.21-12.17.38:460][864]CompilerResultsLog:    Creating library C:\Users\mirosal\Documents\Unreal Projects\GladiatorArena\Intermediate\Build\Win64\UE4Editor\Development\UE4Editor-GladiatorArena-299.lib and object C:\Users\mirosal\Documents\Unreal Projects\GladiatorArena\Intermediate\Build\Win64\UE4Editor\Development\UE4Editor-GladiatorArena-299.exp
[2018.02.21-12.17.38:460][864]CompilerResultsLog:    Creating library C:\Users\mirosal\Documents\Unreal Projects\GladiatorArena\Intermediate\Build\Win64\UE4Editor\Development\UE4Editor-GladiatorArena-299.suppressed.lib and object C:\Users\mirosal\Documents\Unreal Projects\GladiatorArena\Intermediate\Build\Win64\UE4Editor\Development\UE4Editor-GladiatorArena-299.suppressed.exp
[2018.02.21-12.17.38:460][864]CompilerResultsLog: Total build time: 15,84 seconds (Local executor: 2,14 seconds)
[2018.02.21-12.17.38:460][864]LogMainFrame: MainFrame: Module compiling took 16.076 seconds
[2018.02.21-12.17.38:537][864]LogClass: Could not find existing class NewActorComponent in package /Script/GladiatorArena for HotReload, assuming new class
[2018.02.21-12.17.38:539][864]LogContentBrowser: Native class hierarchy updated for 'GladiatorArena' in 0.0012 seconds. Added 2 classes and 2 folders.
[2018.02.21-12.17.38:541][864]Display: HotReload successful (0 functions remapped  0 scriptstructs remapped)
[2018.02.21-12.17.38:808][864]LogContentBrowser: Native class hierarchy populated in 0.0089 seconds. Added 2390 classes and 506 folders.
[2018.02.21-12.17.38:811][864]Display: HotReload took 16.4s.
[2018.02.21-12.17.38:813][864]Warning: HotReload operation took 16.4s.
[2018.02.21-12.17.39:155][864]LogVSAccessor: Warning: Couldn't goto line number '0' in 'C:/Users/mirosal/Documents/Unreal Projects/GladiatorArena/Source/GladiatorArena/NewActorComponent.h'
[2018.02.21-12.17.39:326][864]LogVSAccessor: Warning: Couldn't goto line number '0' in 'C:/Users/mirosal/Documents/Unreal Projects/GladiatorArena/Source/GladiatorArena/NewActorComponent.cpp'
[2018.02.21-12.17.39:418][866]LogHotReload: New module detected: UE4Editor-GladiatorArena-299.dll
[2018.02.21-12.17.39:448][867]LogHotReload: Starting Hot-Reload from IDE
[2018.02.21-12.17.39:729][867]LogContentBrowser: Native class hierarchy updated for 'GladiatorArena' in 0.0012 seconds. Added 2 classes and 2 folders.
[2018.02.21-12.17.39:731][867]Display: HotReload successful (0 functions remapped  0 scriptstructs remapped)
[2018.02.21-12.17.39:950][867]LogContentBrowser: Native class hierarchy populated in 0.0091 seconds. Added 2390 classes and 506 folders.
[2018.02.21-12.17.39:959][867]Display: HotReload took  0.5s.
[2018.02.21-12.18.28:431][ 64]Candidate modules for hot reload:
[2018.02.21-12.18.28:431][ 64]  GladiatorArena
[2018.02.21-12.18.28:431][ 64]Launching UnrealBuildTool... [C:/Program Files/Epic Games/UE_4.17/Engine/Binaries/DotNET/UnrealBuildTool.exe GladiatorArena -ModuleWithSuffix GladiatorArena 5548 Win64 Development -editorrecompile -canskiplink "C:/Users/mirosal/Documents/Unreal Projects/GladiatorArena/GladiatorArena.uproject" ]
[2018.02.21-12.18.28:435][ 64]Warning: Starting HotReload took  0.0s.
[2018.02.21-12.18.44:774][618]CompilerResultsLog: New page: Compilation - Feb 21, 2018, 4:18:44 PM
[2018.02.21-12.18.44:774][618]CompilerResultsLog: Compiling game modules for hot reload
[2018.02.21-12.18.44:774][618]CompilerResultsLog: Parsing headers for GladiatorArenaEditor
[2018.02.21-12.18.44:774][618]CompilerResultsLog:   Running UnrealHeaderTool "C:\Users\mirosal\Documents\Unreal Projects\GladiatorArena\GladiatorArena.uproject" "C:\Users\mirosal\Documents\Unreal Projects\GladiatorArena\Intermediate\Build\Win64\GladiatorArenaEditor\Development\GladiatorArenaEditor.uhtmanifest" -LogCmds="loginit warning, logexit warning, logdatabase error" -Unattended -WarningsAsErrors -installed
[2018.02.21-12.18.44:774][618]CompilerResultsLog: Reflection code generated for GladiatorArenaEditor in 8,095584 seconds
[2018.02.21-12.18.44:774][618]CompilerResultsLog: Performing 5 actions (4 in parallel)
[2018.02.21-12.18.44:774][618]CompilerResultsLog: NewActorComponent.cpp
[2018.02.21-12.18.44:774][618]CompilerResultsLog: GladiatorArena.init.gen.cpp
[2018.02.21-12.18.44:774][618]CompilerResultsLog: NewActorComponent.gen.cpp
[2018.02.21-12.18.44:775][618]CompilerResultsLog: [4/5] Link UE4Editor-GladiatorArena-5548.dll
[2018.02.21-12.18.44:775][618]CompilerResultsLog: [5/5] Link UE4Editor-GladiatorArena-5548.lib
[2018.02.21-12.18.44:775][618]CompilerResultsLog:    Creating library C:\Users\mirosal\Documents\Unreal Projects\GladiatorArena\Intermediate\Build\Win64\UE4Editor\Development\UE4Editor-GladiatorArena-5548.lib and object C:\Users\mirosal\Documents\Unreal Projects\GladiatorArena\Intermediate\Build\Win64\UE4Editor\Development\UE4Editor-GladiatorArena-5548.exp
[2018.02.21-12.18.44:775][618]CompilerResultsLog:    Creating library C:\Users\mirosal\Documents\Unreal Projects\GladiatorArena\Intermediate\Build\Win64\UE4Editor\Development\UE4Editor-GladiatorArena-5548.suppressed.lib and object C:\Users\mirosal\Documents\Unreal Projects\GladiatorArena\Intermediate\Build\Win64\UE4Editor\Development\UE4Editor-GladiatorArena-5548.suppressed.exp
[2018.02.21-12.18.44:775][618]CompilerResultsLog: Total build time: 16,07 seconds (Local executor: 2,14 seconds)
[2018.02.21-12.18.44:775][618]LogMainFrame: MainFrame: Module compiling took 16.351 seconds
[2018.02.21-12.18.44:887][618]LogClass: Could not find existing class NewActorComponent in package /Script/GladiatorArena for HotReload, assuming new class
[2018.02.21-12.18.44:890][618]LogHotReload: Re-instancing NewActorComponent after hot-reload.
[2018.02.21-12.18.44:949][618]LogContentBrowser: Native class hierarchy updated for 'GladiatorArena' in 0.0013 seconds. Added 2 classes and 2 folders.
[2018.02.21-12.18.44:951][618]Display: HotReload successful (0 functions remapped  0 scriptstructs remapped)
[2018.02.21-12.18.45:177][618]LogContentBrowser: Native class hierarchy populated in 0.0084 seconds. Added 2390 classes and 506 folders.
[2018.02.21-12.18.45:180][618]Display: HotReload took 16.8s.
[2018.02.21-12.18.53:968][868]LogEditorViewport: Clicking Background
[2018.02.21-12.18.54:579][885]LogEditorViewport: Clicking on Actor (LMB): StaticMeshActor (Sphere_Blueprint)
[2018.02.21-12.19.08:350][426]LogSlate: Warning: Prevented a slow task dialog from being summoned while a context menu was open
[2018.02.21-12.19.09:497][558]LogEditorActor: Deleted Actor: StaticMeshActor
[2018.02.21-12.19.09:531][558]LogEditorActor: Deleted 1 Actors (0.035 secs)
[2018.02.21-12.19.09:532][558]LogEditor: Converted: Sphere_Blueprint to Sphere_Blueprint
[2018.02.21-12.19.09:533][558]EditorErrors: New page: Actor Reattachment
[2018.02.21-12.19.41:905][ 46]LogEditorViewport: Clicking on Actor (LMB): StaticMeshActor (Floor)
[2018.02.21-12.19.45:210][123]LogEditorViewport: Clicking on Actor (LMB): BP_Sky_Sphere_C (Sky Sphere)
[2018.02.21-12.19.46:046][141]LogEditorViewport: Clicking on Actor (LMB): Sphere_Blueprint_C (Sphere_Blueprint)
[2018.02.21-12.20.11:575][  6]Cmd: OBJ SAVEPACKAGE PACKAGE="/Game/NewMap" FILE="../../../../../../Users/mirosal/Documents/Unreal Projects/GladiatorArena/Content/NewMap.umap" SILENT=true AUTOSAVING=false KEEPDIRTY=false
[2018.02.21-12.20.11:613][  6]LogSavePackage: Save=19.59ms
[2018.02.21-12.20.11:613][  6]LogSavePackage: Moving '../../../../../../Users/mirosal/Documents/Unreal Projects/GladiatorArena/Saved/NewMap8A0306DE42271ADDB3C66F809BB2292A.tmp' to '../../../../../../Users/mirosal/Documents/Unreal Projects/GladiatorArena/Content/NewMap.umap'
[2018.02.21-12.20.11:616][  6]LogSavePackage: Display: Finished SavePackage ../../../../../../Users/mirosal/Documents/Unreal Projects/GladiatorArena/Content/NewMap.umap
[2018.02.21-12.20.11:627][  6]Cmd: OBJ SAVEPACKAGE PACKAGE="/Game/NewMap_BuiltData" FILE="../../../../../../Users/mirosal/Documents/Unreal Projects/GladiatorArena/Content/NewMap_BuiltData.uasset" SILENT=true
[2018.02.21-12.20.11:637][  6]LogSavePackage: Save=7.58ms
[2018.02.21-12.20.11:637][  6]LogSavePackage: Moving '../../../../../../Users/mirosal/Documents/Unreal Projects/GladiatorArena/Saved/NewMap_BuiltDataE7C665444D9808ED42E0358C0F2AE2BC.tmp' to '../../../../../../Users/mirosal/Documents/Unreal Projects/GladiatorArena/Content/NewMap_BuiltData.uasset'
[2018.02.21-12.20.11:638][  6]LogSavePackage: Display: Finished SavePackage ../../../../../../Users/mirosal/Documents/Unreal Projects/GladiatorArena/Content/NewMap_BuiltData.uasset
[2018.02.21-12.20.11:643][  6]LogFileHelpers: Saving map 'NewMap' took 0.410
[2018.02.21-12.20.39:387][327]LogHttp: Warning: 00000232AC4FAF80: request failed, libcurl error: 0 (No error)
[2018.02.21-12.20.39:387][327]LogHttp: Warning: 00000232AC4FAF80: libcurl info message cache 0 (Found bundle for host datarouter.ol.epicgames.com: 0x2328fabbfe8 [can pipeline])
[2018.02.21-12.20.39:387][327]LogHttp: Warning: 00000232AC4FAF80: libcurl info message cache 1 (Re-using existing connection! (#0) with host datarouter.ol.epicgames.com)
[2018.02.21-12.20.39:387][327]LogHttp: Warning: 00000232AC4FAF80: libcurl info message cache 2 (Connected to datarouter.ol.epicgames.com (52.203.230.175) port 443 (#0))
[2018.02.21-12.20.39:387][327]LogHttp: Warning: 00000232AC4FAF80: libcurl info message cache 3 (upload completely sent off: 2291 out of 2291 bytes)
[2018.02.21-12.20.39:387][327]LogHttp: Warning: 00000232AC4FAF80: libcurl info message cache 4 (SSL read: error:00000000:lib(0):func(0):reason(0), errno 10054)
[2018.02.21-12.20.39:387][327]LogHttp: Warning: 00000232AC4FAF80: libcurl info message cache 5 (Connection died, retrying a fresh connect)
[2018.02.21-12.20.39:387][327]LogHttp: Warning: 00000232AC4FAF80: libcurl info message cache 6 (Closing connection 0)
[2018.02.21-12.20.39:387][327]LogHttp: Warning: 00000232AC4FAF80: libcurl info message cache 7 (Issue another request to this URL: 'https://datarouter.ol.epicgames.com/datarouter/api/v1/public/data?SessionID=%7BC8162AAB-4DB2-7EDD-C094-09A3D74A0FB4%7D&AppID=UEEditor.Rocket.Release&AppVersion=4.17.2-3658906%2B%2B%2BUE4%2BRelease-4.17&UserID=31e93c10468a01faeb8f9e94af4accbc%7C57b9a74258df44938587129645e89dd0%7C2a8bc793-846c-44d8-9fba-1d1c143f1d8f&AppEnvironment=datacollector-binary&UploadType=eteventstream')
[2018.02.21-12.20.39:387][327]LogHttp: Warning: 00000232AC4FAF80: libcurl info message cache 8 (  Trying 52.20.116.238...)
[2018.02.21-12.20.39:387][327]LogHttp: Warning: 00000232AC4FAF80: libcurl info message cache 9 (connect to 52.20.116.238 port 443 failed: Timed out)
[2018.02.21-12.20.39:387][327]LogHttp: Warning: 00000232AC4FAF80: libcurl info message cache 10 (  Trying 52.1.96.157...)
[2018.02.21-12.20.39:387][327]LogHttp: Warning: 00000232AC4FAF80: libcurl info message cache 11 (connect to 52.1.96.157 port 443 failed: Timed out)
[2018.02.21-12.20.39:387][327]LogHttp: Warning: 00000232AC4FAF80: libcurl info message cache 12 (  Trying 52.1.181.138...)
[2018.02.21-12.20.39:387][327]LogHttp: Warning: 00000232AC4FAF80: libcurl info message cache 13 (connect to 52.1.181.138 port 443 failed: Timed out)
[2018.02.21-12.20.39:387][327]LogHttp: Warning: 00000232AC4FAF80: libcurl info message cache 14 (  Trying 52.2.109.91...)
[2018.02.21-12.20.39:387][327]LogHttp: Warning: 00000232AC4FAF80: libcurl info message cache 15 (connect to 52.2.109.91 port 443 failed: Timed out)
[2018.02.21-12.20.39:387][327]LogHttp: Warning: 00000232AC4FAF80: libcurl info message cache 16 (  Trying 52.1.118.185...)
[2018.02.21-12.20.39:387][327]LogHttp: Warning: 00000232AC4FAF80: libcurl info message cache 17 (connect to 52.1.118.185 port 443 failed: Timed out)
[2018.02.21-12.20.39:387][327]LogHttp: Warning: 00000232AC4FAF80: libcurl info message cache 18 (  Trying 52.0.77.141...)
[2018.02.21-12.20.39:387][327]LogHttp: Warning: 00000232AC4FAF80: libcurl info message cache 19 (connect to 52.0.77.141 port 443 failed: Timed out)
[2018.02.21-12.20.39:387][327]LogHttp: Warning: 00000232AC4FAF80: libcurl info message cache 20 (  Trying 52.0.218.199...)
[2018.02.21-12.20.39:387][327]LogHttp: Warning: 00000232AC4FAF80: libcurl info message cache 21 (connect to 52.0.218.199 port 443 failed: Timed out)
[2018.02.21-12.20.39:387][327]LogHttp: Warning: 00000232AC4FAF80: libcurl info message cache 22 (  Trying 35.169.213.209...)
[2018.02.21-12.20.39:387][327]LogHttp: Warning: 00000232AC4FAF80: libcurl info message cache 23 (Closing connection 1)
[2018.02.21-12.20.45:868][650]LogEditorViewport: Clicking on Actor (context menu): StaticMeshActor (Floor)
[2018.02.21-12.20.49:029][  3]LogPlayLevel: PlayLevel: No blueprints needed recompiling
[2018.02.21-12.20.49:029][  3]PIE: New page: PIE session: NewMap (Feb 21, 2018, 4:20:49 PM)
[2018.02.21-12.20.49:029][  3]LogPlayLevel: Creating play world package: /Game/UEDPIE_0_NewMap
[2018.02.21-12.20.49:031][  3]LogPlayLevel: PIE: StaticDuplicateObject took: (0.001455s)
[2018.02.21-12.20.49:031][  3]LogAIModule: Creating AISystem for world NewMap
[2018.02.21-12.20.49:032][  3]LogPlayLevel: PIE: World Init took: (0.000866s)
[2018.02.21-12.20.49:032][  3]LogPlayLevel: PIE: Created PIE world by copying editor world from /Game/NewMap.NewMap to /Game/UEDPIE_0_NewMap.NewMap (0.002669s)
[2018.02.21-12.20.49:047][  3]LogInit: XAudio2 using 'Speakers (Realtek High Definition Audio)' : 2 channels at 48 kHz using 32 bits per sample (channel mask 0x3)
[2018.02.21-12.20.49:062][  3]LogInit: FAudioDevice initialized.
[2018.02.21-12.20.49:104][  3]LogLoad: Game class is 'GameModeBase'
[2018.02.21-12.20.49:107][  3]LogWorld: Bringing World /Game/UEDPIE_0_NewMap.NewMap up for play (max tick rate 0) at 2018.02.21-14.20.49
[2018.02.21-12.20.49:107][  3]LogWorld: Bringing up level for play took: 0.000859
[2018.02.21-12.20.49:151][  3]LogContentBrowser: Native class hierarchy updated for 'MovieSceneCapture' in 0.0012 seconds. Added 11 classes and 0 folders.
[2018.02.21-12.20.49:152][  3]PIE: Play in editor start time for /Game/UEDPIE_0_NewMap -0.173
[2018.02.21-12.20.56:241][194]LogEditorViewport: Clicking on Actor (LMB): Sphere_Blueprint_C (Sphere_Blueprint)
[2018.02.21-12.20.56:880][209]LogEditorViewport: Clicking on Actor (context menu): Sphere_Blueprint_C (Sphere_Blueprint)
[2018.02.21-12.21.27:501][979]LogHttp: Warning: 00000232BC260880: request failed, libcurl error: 7 (Couldn't connect to server)
[2018.02.21-12.21.27:501][979]LogHttp: Warning: 00000232BC260880: libcurl info message cache 0 (Found bundle for host datarouter.ol.epicgames.com: 0x2328fabbfb8 [serially])
[2018.02.21-12.21.27:501][979]LogHttp: Warning: 00000232BC260880: libcurl info message cache 1 (Hostname datarouter.ol.epicgames.com was found in DNS cache)
[2018.02.21-12.21.27:502][979]LogHttp: Warning: 00000232BC260880: libcurl info message cache 2 (  Trying 52.20.116.238...)
[2018.02.21-12.21.27:502][979]LogHttp: Warning: 00000232BC260880: libcurl info message cache 3 (connect to 52.20.116.238 port 443 failed: Timed out)
[2018.02.21-12.21.27:502][979]LogHttp: Warning: 00000232BC260880: libcurl info message cache 4 (  Trying 52.1.96.157...)
[2018.02.21-12.21.27:502][979]LogHttp: Warning: 00000232BC260880: libcurl info message cache 5 (connect to 52.1.96.157 port 443 failed: Timed out)
[2018.02.21-12.21.27:502][979]LogHttp: Warning: 00000232BC260880: libcurl info message cache 6 (  Trying 52.1.181.138...)
[2018.02.21-12.21.27:502][979]LogHttp: Warning: 00000232BC260880: libcurl info message cache 7 (connect to 52.1.181.138 port 443 failed: Timed out)
[2018.02.21-12.21.27:502][979]LogHttp: Warning: 00000232BC260880: libcurl info message cache 8 (  Trying 52.2.109.91...)
[2018.02.21-12.21.27:502][979]LogHttp: Warning: 00000232BC260880: libcurl info message cache 9 (connect to 52.2.109.91 port 443 failed: Timed out)
[2018.02.21-12.21.27:502][979]LogHttp: Warning: 00000232BC260880: libcurl info message cache 10 (  Trying 52.1.118.185...)
[2018.02.21-12.21.27:502][979]LogHttp: Warning: 00000232BC260880: libcurl info message cache 11 (connect to 52.1.118.185 port 443 failed: Timed out)
[2018.02.21-12.21.27:502][979]LogHttp: Warning: 00000232BC260880: libcurl info message cache 12 (  Trying 52.0.77.141...)
[2018.02.21-12.21.27:502][979]LogHttp: Warning: 00000232BC260880: libcurl info message cache 13 (connect to 52.0.77.141 port 443 failed: Timed out)
[2018.02.21-12.21.27:502][979]LogHttp: Warning: 00000232BC260880: libcurl info message cache 14 (  Trying 52.0.218.199...)
[2018.02.21-12.21.27:502][979]LogHttp: Warning: 00000232BC260880: libcurl info message cache 15 (connect to 52.0.218.199 port 443 failed: Timed out)
[2018.02.21-12.21.27:502][979]LogHttp: Warning: 00000232BC260880: libcurl info message cache 16 (  Trying 35.169.213.209...)
[2018.02.21-12.21.27:502][979]LogHttp: Warning: 00000232BC260880: libcurl info message cache 17 (connect to 35.169.213.209 port 443 failed: Timed out)
[2018.02.21-12.21.27:502][979]LogHttp: Warning: 00000232BC260880: libcurl info message cache 18 (Failed to connect to datarouter.ol.epicgames.com port 443: Timed out)
[2018.02.21-12.21.27:502][979]LogHttp: Warning: 00000232BC260880: libcurl info message cache 19 (Closing connection 2)
[2018.02.21-12.22.32:846][ 28]LogHttp: Warning: 00000232C0A80280: request failed, libcurl error: 7 (Couldn't connect to server)
[2018.02.21-12.22.32:846][ 28]LogHttp: Warning: 00000232C0A80280: libcurl info message cache 0 (Found bundle for host datarouter.ol.epicgames.com: 0x2328fabbfb8 [serially])
[2018.02.21-12.22.32:846][ 28]LogHttp: Warning: 00000232C0A80280: libcurl info message cache 1 (Hostname in DNS cache was stale, zapped)
[2018.02.21-12.22.32:846][ 28]LogHttp: Warning: 00000232C0A80280: libcurl info message cache 2 (  Trying 34.234.59.70...)
[2018.02.21-12.22.32:846][ 28]LogHttp: Warning: 00000232C0A80280: libcurl info message cache 3 (connect to 34.234.59.70 port 443 failed: Timed out)
[2018.02.21-12.22.32:846][ 28]LogHttp: Warning: 00000232C0A80280: libcurl info message cache 4 (  Trying 34.236.56.198...)
[2018.02.21-12.22.32:846][ 28]LogHttp: Warning: 00000232C0A80280: libcurl info message cache 5 (connect to 34.236.56.198 port 443 failed: Timed out)
[2018.02.21-12.22.32:846][ 28]LogHttp: Warning: 00000232C0A80280: libcurl info message cache 6 (  Trying 34.237.155.76...)
[2018.02.21-12.22.32:846][ 28]LogHttp: Warning: 00000232C0A80280: libcurl info message cache 7 (connect to 34.237.155.76 port 443 failed: Timed out)
[2018.02.21-12.22.32:846][ 28]LogHttp: Warning: 00000232C0A80280: libcurl info message cache 8 (  Trying 34.236.109.113...)
[2018.02.21-12.22.32:846][ 28]LogHttp: Warning: 00000232C0A80280: libcurl info message cache 9 (connect to 34.236.109.113 port 443 failed: Timed out)
[2018.02.21-12.22.32:847][ 28]LogHttp: Warning: 00000232C0A80280: libcurl info message cache 10 (  Trying 35.153.41.199...)
[2018.02.21-12.22.32:847][ 28]LogHttp: Warning: 00000232C0A80280: libcurl info message cache 11 (connect to 35.153.41.199 port 443 failed: Timed out)
[2018.02.21-12.22.32:847][ 28]LogHttp: Warning: 00000232C0A80280: libcurl info message cache 12 (  Trying 34.239.61.187...)
[2018.02.21-12.22.32:847][ 28]LogHttp: Warning: 00000232C0A80280: libcurl info message cache 13 (connect to 34.239.61.187 port 443 failed: Timed out)
[2018.02.21-12.22.32:847][ 28]LogHttp: Warning: 00000232C0A80280: libcurl info message cache 14 (  Trying 34.236.45.65...)
[2018.02.21-12.22.32:847][ 28]LogHttp: Warning: 00000232C0A80280: libcurl info message cache 15 (connect to 34.236.45.65 port 443 failed: Timed out)
[2018.02.21-12.22.32:847][ 28]LogHttp: Warning: 00000232C0A80280: libcurl info message cache 16 (  Trying 35.169.213.209...)
[2018.02.21-12.22.32:847][ 28]LogHttp: Warning: 00000232C0A80280: libcurl info message cache 17 (connect to 35.169.213.209 port 443 failed: Timed out)
[2018.02.21-12.22.32:847][ 28]LogHttp: Warning: 00000232C0A80280: libcurl info message cache 18 (Failed to connect to datarouter.ol.epicgames.com port 443: Timed out)
[2018.02.21-12.22.32:847][ 28]LogHttp: Warning: 00000232C0A80280: libcurl info message cache 19 (Closing connection 3)
[2018.02.21-12.24.24:708][958]LogEditorViewport: Clicking on Actor (LMB): StaticMeshActor (Floor)
[2018.02.21-12.24.25:833][985]LogEditorViewport: Clicking on Actor (LMB): StaticMeshActor (Floor)
[2018.02.21-12.24.26:500][  1]LogEditorViewport: Clicking on Actor (LMB): StaticMeshActor (Floor)
[2018.02.21-12.24.32:564][166]LogEditorActor: Deleted Actor: Character
[2018.02.21-12.24.32:600][166]LogEditorActor: Deleted 1 Actors (0.036 secs)
[2018.02.21-12.24.39:850][397]Cmd: CAMERA ALIGN ACTIVEVIEWPORTONLY
[2018.02.21-12.24.39:850][397]Can't find target actor or component.
[2018.02.21-12.24.40:948][438]Cmd: CAMERA ALIGN ACTIVEVIEWPORTONLY
[2018.02.21-12.26.08:827][636]Candidate modules for hot reload:
[2018.02.21-12.26.08:827][636]  GladiatorArena
[2018.02.21-12.26.08:827][636]Launching UnrealBuildTool... [C:/Program Files/Epic Games/UE_4.17/Engine/Binaries/DotNET/UnrealBuildTool.exe GladiatorArena -ModuleWithSuffix GladiatorArena 7834 Win64 Development -editorrecompile -canskiplink "C:/Users/mirosal/Documents/Unreal Projects/GladiatorArena/GladiatorArena.uproject" ]
[2018.02.21-12.26.08:831][636]Warning: Starting HotReload took  0.0s.
[2018.02.21-12.26.23:434][ 91]CompilerResultsLog: New page: Compilation - Feb 21, 2018, 4:26:23 PM
[2018.02.21-12.26.23:434][ 91]CompilerResultsLog: Compiling game modules for hot reload
[2018.02.21-12.26.23:434][ 91]CompilerResultsLog: Parsing headers for GladiatorArenaEditor
[2018.02.21-12.26.23:434][ 91]CompilerResultsLog:   Running UnrealHeaderTool "C:\Users\mirosal\Documents\Unreal Projects\GladiatorArena\GladiatorArena.uproject" "C:\Users\mirosal\Documents\Unreal Projects\GladiatorArena\Intermediate\Build\Win64\GladiatorArenaEditor\Development\GladiatorArenaEditor.uhtmanifest" -LogCmds="loginit warning, logexit warning, logdatabase error" -Unattended -WarningsAsErrors -installed
[2018.02.21-12.26.23:434][ 91]CompilerResultsLog: Reflection code generated for GladiatorArenaEditor in 6,9924359 seconds
[2018.02.21-12.26.23:434][ 91]CompilerResultsLog: Performing 5 actions (4 in parallel)
[2018.02.21-12.26.23:434][ 91]CompilerResultsLog: NewActorComponent.cpp
[2018.02.21-12.26.23:434][ 91]CompilerResultsLog: NewActorComponent.gen.cpp
[2018.02.21-12.26.23:434][ 91]CompilerResultsLog: GladiatorArena.init.gen.cpp
[2018.02.21-12.26.23:434][ 91]CompilerResultsLog: [4/5] Link UE4Editor-GladiatorArena-7834.dll
[2018.02.21-12.26.23:434][ 91]CompilerResultsLog: [5/5] Link UE4Editor-GladiatorArena-7834.lib
[2018.02.21-12.26.23:434][ 91]CompilerResultsLog:    Creating library C:\Users\mirosal\Documents\Unreal Projects\GladiatorArena\Intermediate\Build\Win64\UE4Editor\Development\UE4Editor-GladiatorArena-7834.lib and object C:\Users\mirosal\Documents\Unreal Projects\GladiatorArena\Intermediate\Build\Win64\UE4Editor\Development\UE4Editor-GladiatorArena-7834.exp
[2018.02.21-12.26.23:434][ 91]CompilerResultsLog:    Creating library C:\Users\mirosal\Documents\Unreal Projects\GladiatorArena\Intermediate\Build\Win64\UE4Editor\Development\UE4Editor-GladiatorArena-7834.suppressed.lib and object C:\Users\mirosal\Documents\Unreal Projects\GladiatorArena\Intermediate\Build\Win64\UE4Editor\Development\UE4Editor-GladiatorArena-7834.suppressed.exp
[2018.02.21-12.26.23:434][ 91]CompilerResultsLog: Total build time: 14,35 seconds (Local executor: 2,15 seconds)
[2018.02.21-12.26.23:434][ 91]LogMainFrame: MainFrame: Module compiling took 14.635 seconds
[2018.02.21-12.26.23:526][ 91]LogClass: Could not find existing class NewActorComponent in package /Script/GladiatorArena for HotReload, assuming new class
[2018.02.21-12.26.23:530][ 91]LogHotReload: Re-instancing NewActorComponent after hot-reload.
[2018.02.21-12.26.23:600][ 91]LogContentBrowser: Native class hierarchy updated for 'GladiatorArena' in 0.0013 seconds. Added 2 classes and 2 folders.
[2018.02.21-12.26.23:602][ 91]Display: HotReload successful (0 functions remapped  0 scriptstructs remapped)
[2018.02.21-12.26.23:822][ 91]LogContentBrowser: Native class hierarchy populated in 0.0088 seconds. Added 2390 classes and 506 folders.
[2018.02.21-12.26.23:825][ 91]Display: HotReload took 15.0s.
[2018.02.21-12.27.20:917][763]LogHttp: Warning: 00000232A8FE6800: request failed, libcurl error: 7 (Couldn't connect to server)
[2018.02.21-12.27.20:917][763]LogHttp: Warning: 00000232A8FE6800: libcurl info message cache 0 (  Trying 52.3.26.67...)
[2018.02.21-12.27.20:917][763]LogHttp: Warning: 00000232A8FE6800: libcurl info message cache 1 (connect to 52.3.26.67 port 443 failed: Timed out)
[2018.02.21-12.27.20:917][763]LogHttp: Warning: 00000232A8FE6800: libcurl info message cache 2 (  Trying 52.3.214.110...)
[2018.02.21-12.27.20:917][763]LogHttp: Warning: 00000232A8FE6800: libcurl info message cache 3 (connect to 52.3.214.110 port 443 failed: Timed out)
[2018.02.21-12.27.20:917][763]LogHttp: Warning: 00000232A8FE6800: libcurl info message cache 4 (  Trying 52.23.69.0...)
[2018.02.21-12.27.20:917][763]LogHttp: Warning: 00000232A8FE6800: libcurl info message cache 5 (connect to 52.23.69.0 port 443 failed: Timed out)
[2018.02.21-12.27.20:917][763]LogHttp: Warning: 00000232A8FE6800: libcurl info message cache 6 (  Trying 52.4.117.229...)
[2018.02.21-12.27.20:917][763]LogHttp: Warning: 00000232A8FE6800: libcurl info message cache 7 (connect to 52.4.117.229 port 443 failed: Timed out)
[2018.02.21-12.27.20:917][763]LogHttp: Warning: 00000232A8FE6800: libcurl info message cache 8 (  Trying 52.4.133.161...)
[2018.02.21-12.27.20:917][763]LogHttp: Warning: 00000232A8FE6800: libcurl info message cache 9 (connect to 52.4.133.161 port 443 failed: Timed out)
[2018.02.21-12.27.20:917][763]LogHttp: Warning: 00000232A8FE6800: libcurl info message cache 10 (  Trying 52.22.96.50...)
[2018.02.21-12.27.20:918][763]LogHttp: Warning: 00000232A8FE6800: libcurl info message cache 11 (connect to 52.22.96.50 port 443 failed: Timed out)
[2018.02.21-12.27.20:918][763]LogHttp: Warning: 00000232A8FE6800: libcurl info message cache 12 (  Trying 52.22.91.138...)
[2018.02.21-12.27.20:918][763]LogHttp: Warning: 00000232A8FE6800: libcurl info message cache 13 (connect to 52.22.91.138 port 443 failed: Timed out)
[2018.02.21-12.27.20:918][763]LogHttp: Warning: 00000232A8FE6800: libcurl info message cache 14 (  Trying 52.3.99.96...)
[2018.02.21-12.27.20:918][763]LogHttp: Warning: 00000232A8FE6800: libcurl info message cache 15 (connect to 52.3.99.96 port 443 failed: Timed out)
[2018.02.21-12.27.20:918][763]LogHttp: Warning: 00000232A8FE6800: libcurl info message cache 16 (Failed to connect to datarouter.ol.epicgames.com port 443: Timed out)
[2018.02.21-12.27.20:918][763]LogHttp: Warning: 00000232A8FE6800: libcurl info message cache 17 (Closing connection 4)
[2018.02.21-12.27.55:655][500]Running C:/Program Files/Epic Games/UE_4.17/Engine/Binaries/DotNET/UnrealBuildTool.exe GladiatorArena Win64 Development -editorrecompile "C:/Users/mirosal/Documents/Unreal Projects/GladiatorArena/GladiatorArena.uproject" -invalidatemakefilesonly
[2018.02.21-12.27.55:961][500]Invalidating makefiles only in this run.
[2018.02.21-12.27.56:082][500]Candidate modules for hot reload:
[2018.02.21-12.27.56:082][500]  GladiatorArena
[2018.02.21-12.27.56:082][500]Launching UnrealBuildTool... [C:/Program Files/Epic Games/UE_4.17/Engine/Binaries/DotNET/UnrealBuildTool.exe GladiatorArena -ModuleWithSuffix GladiatorArena 8975 Win64 Development -editorrecompile -canskiplink "C:/Users/mirosal/Documents/Unreal Projects/GladiatorArena/GladiatorArena.uproject" ]
[2018.02.21-12.28.10:637][500]CompilerResultsLog: New page: Compilation - Feb 21, 2018, 4:28:10 PM
[2018.02.21-12.28.10:637][500]CompilerResultsLog: Compiling game modules for hot reload
[2018.02.21-12.28.10:637][500]CompilerResultsLog: Parsing headers for GladiatorArenaEditor
[2018.02.21-12.28.10:637][500]CompilerResultsLog:   Running UnrealHeaderTool "C:\Users\mirosal\Documents\Unreal Projects\GladiatorArena\GladiatorArena.uproject" "C:\Users\mirosal\Documents\Unreal Projects\GladiatorArena\Intermediate\Build\Win64\GladiatorArenaEditor\Development\GladiatorArenaEditor.uhtmanifest" -LogCmds="loginit warning, logexit warning, logdatabase error" -Unattended -WarningsAsErrors -installed
[2018.02.21-12.28.10:637][500]CompilerResultsLog: Reflection code generated for GladiatorArenaEditor in 7,0004624 seconds
[2018.02.21-12.28.10:637][500]CompilerResultsLog: Performing 5 actions (4 in parallel)
[2018.02.21-12.28.10:637][500]CompilerResultsLog: GladiatorArena.init.gen.cpp
[2018.02.21-12.28.10:637][500]CompilerResultsLog: NewActorCoM.cpp
[2018.02.21-12.28.10:637][500]CompilerResultsLog: NewActorCoM.gen.cpp
[2018.02.21-12.28.10:637][500]CompilerResultsLog: [4/5] Link UE4Editor-GladiatorArena-8975.dll
[2018.02.21-12.28.10:637][500]CompilerResultsLog: [5/5] Link UE4Editor-GladiatorArena-8975.lib
[2018.02.21-12.28.10:637][500]CompilerResultsLog:    Creating library C:\Users\mirosal\Documents\Unreal Projects\GladiatorArena\Intermediate\Build\Win64\UE4Editor\Development\UE4Editor-GladiatorArena-8975.lib and object C:\Users\mirosal\Documents\Unreal Projects\GladiatorArena\Intermediate\Build\Win64\UE4Editor\Development\UE4Editor-GladiatorArena-8975.exp
[2018.02.21-12.28.10:637][500]CompilerResultsLog:    Creating library C:\Users\mirosal\Documents\Unreal Projects\GladiatorArena\Intermediate\Build\Win64\UE4Editor\Development\UE4Editor-GladiatorArena-8975.suppressed.lib and object C:\Users\mirosal\Documents\Unreal Projects\GladiatorArena\Intermediate\Build\Win64\UE4Editor\Development\UE4Editor-GladiatorArena-8975.suppressed.exp
[2018.02.21-12.28.10:637][500]CompilerResultsLog: Total build time: 14,34 seconds (Local executor: 2,05 seconds)
[2018.02.21-12.28.10:637][500]LogMainFrame: MainFrame: Module compiling took 14.561 seconds
[2018.02.21-12.28.10:749][500]LogClass: Could not find existing class NewActorCoM in package /Script/GladiatorArena for HotReload, assuming new class
[2018.02.21-12.28.10:753][500]LogContentBrowser: Native class hierarchy updated for 'GladiatorArena' in 0.0013 seconds. Added 3 classes and 2 folders.
[2018.02.21-12.28.10:755][500]Display: HotReload successful (0 functions remapped  0 scriptstructs remapped)
[2018.02.21-12.28.11:035][500]LogContentBrowser: Native class hierarchy populated in 0.0090 seconds. Added 2391 classes and 506 folders.
[2018.02.21-12.28.11:039][500]Display: HotReload took 15.0s.
[2018.02.21-12.28.11:040][500]Warning: HotReload operation took 15.0s.
[2018.02.21-12.28.11:136][500]LogVSAccessor: Warning: Couldn't goto line number '0' in 'C:/Users/mirosal/Documents/Unreal Projects/GladiatorArena/Source/GladiatorArena/NewActorCoM.h'
[2018.02.21-12.28.11:206][500]LogVSAccessor: Warning: Couldn't goto line number '0' in 'C:/Users/mirosal/Documents/Unreal Projects/GladiatorArena/Source/GladiatorArena/NewActorCoM.cpp'
[2018.02.21-12.28.11:465][502]LogHotReload: New module detected: UE4Editor-GladiatorArena-8975.dll
[2018.02.21-12.28.11:481][503]LogHotReload: Starting Hot-Reload from IDE
[2018.02.21-12.28.11:629][503]LogContentBrowser: Native class hierarchy updated for 'GladiatorArena' in 0.0012 seconds. Added 3 classes and 2 folders.
[2018.02.21-12.28.11:631][503]Display: HotReload successful (0 functions remapped  0 scriptstructs remapped)
[2018.02.21-12.28.11:870][503]LogContentBrowser: Native class hierarchy populated in 0.0116 seconds. Added 2391 classes and 506 folders.
[2018.02.21-12.28.11:879][503]Display: HotReload took  0.4s.
[2018.02.21-12.28.36:943][785]Candidate modules for hot reload:
[2018.02.21-12.28.36:943][785]  GladiatorArena
[2018.02.21-12.28.36:943][785]Launching UnrealBuildTool... [C:/Program Files/Epic Games/UE_4.17/Engine/Binaries/DotNET/UnrealBuildTool.exe GladiatorArena -ModuleWithSuffix GladiatorArena 9507 Win64 Development -editorrecompile -canskiplink "C:/Users/mirosal/Documents/Unreal Projects/GladiatorArena/GladiatorArena.uproject" ]
[2018.02.21-12.28.36:947][785]Warning: Starting HotReload took  0.0s.
[2018.02.21-12.28.47:255][107]LogEditorViewport: Clicking on Component (LMB): SceneComponent (DefaultSceneRoot1)
[2018.02.21-12.28.51:815][245]CompilerResultsLog: New page: Compilation - Feb 21, 2018, 4:28:51 PM
[2018.02.21-12.28.51:815][245]CompilerResultsLog: Compiling game modules for hot reload
[2018.02.21-12.28.51:815][245]CompilerResultsLog: Parsing headers for GladiatorArenaEditor
[2018.02.21-12.28.51:815][245]CompilerResultsLog:   Running UnrealHeaderTool "C:\Users\mirosal\Documents\Unreal Projects\GladiatorArena\GladiatorArena.uproject" "C:\Users\mirosal\Documents\Unreal Projects\GladiatorArena\Intermediate\Build\Win64\GladiatorArenaEditor\Development\GladiatorArenaEditor.uhtmanifest" -LogCmds="loginit warning, logexit warning, logdatabase error" -Unattended -WarningsAsErrors -installed
[2018.02.21-12.28.51:815][245]CompilerResultsLog: Reflection code generated for GladiatorArenaEditor in 7,0575251 seconds
[2018.02.21-12.28.51:815][245]CompilerResultsLog: Performing 7 actions (4 in parallel)
[2018.02.21-12.28.51:815][245]CompilerResultsLog: NewActorCoM.cpp
[2018.02.21-12.28.51:815][245]CompilerResultsLog: NewActorCoM.gen.cpp
[2018.02.21-12.28.51:815][245]CompilerResultsLog: GladiatorArena.init.gen.cpp
[2018.02.21-12.28.51:815][245]CompilerResultsLog: NewActorComponent.cpp
[2018.02.21-12.28.51:815][245]CompilerResultsLog: NewActorComponent.gen.cpp
[2018.02.21-12.28.51:815][245]CompilerResultsLog: [6/7] Link UE4Editor-GladiatorArena-9507.dll
[2018.02.21-12.28.51:815][245]CompilerResultsLog: [7/7] Link UE4Editor-GladiatorArena-9507.lib
[2018.02.21-12.28.51:815][245]CompilerResultsLog:    Creating library C:\Users\mirosal\Documents\Unreal Projects\GladiatorArena\Intermediate\Build\Win64\UE4Editor\Development\UE4Editor-GladiatorArena-9507.lib and object C:\Users\mirosal\Documents\Unreal Projects\GladiatorArena\Intermediate\Build\Win64\UE4Editor\Development\UE4Editor-GladiatorArena-9507.exp
[2018.02.21-12.28.51:815][245]CompilerResultsLog:    Creating library C:\Users\mirosal\Documents\Unreal Projects\GladiatorArena\Intermediate\Build\Win64\UE4Editor\Development\UE4Editor-GladiatorArena-9507.suppressed.lib and object C:\Users\mirosal\Documents\Unreal Projects\GladiatorArena\Intermediate\Build\Win64\UE4Editor\Development\UE4Editor-GladiatorArena-9507.suppressed.exp
[2018.02.21-12.28.51:815][245]CompilerResultsLog: Total build time: 14,63 seconds (Local executor: 2,44 seconds)
[2018.02.21-12.28.51:815][245]LogMainFrame: MainFrame: Module compiling took 14.892 seconds
[2018.02.21-12.28.51:922][245]LogClass: Could not find existing class NewActorCoM in package /Script/GladiatorArena for HotReload, assuming new class
[2018.02.21-12.28.51:922][245]LogClass: Could not find existing class NewActorComponent in package /Script/GladiatorArena for HotReload, assuming new class
[2018.02.21-12.28.51:925][245]LogHotReload: Re-instancing NewActorCoM after hot-reload.
[2018.02.21-12.28.51:989][245]LogHotReload: Re-instancing NewActorComponent after hot-reload.
[2018.02.21-12.28.52:050][245]LogContentBrowser: Native class hierarchy updated for 'GladiatorArena' in 0.0012 seconds. Added 3 classes and 2 folders.
[2018.02.21-12.28.52:052][245]Display: HotReload successful (0 functions remapped  0 scriptstructs remapped)
[2018.02.21-12.28.52:267][245]LogContentBrowser: Native class hierarchy populated in 0.0089 seconds. Added 2391 classes and 506 folders.
[2018.02.21-12.28.52:270][245]Display: HotReload took 15.4s.
[2018.02.21-12.29.28:472][216]Cmd: QUIT_EDITOR
[2018.02.21-12.29.28:583][216]LogWindowsTextInputMethodSystem: Display: IME system now deactivated.
[2018.02.21-12.29.28:593][216]LogExit: Preparing to exit.
[2018.02.21-12.29.29:425][216]LogDirectoryWatcher: A directory notification for 'C:/Users/mirosal/Documents/Unreal Projects/GladiatorArena/Content/' was aborted.
[2018.02.21-12.29.29:448][216]LogExit: Editor shut down
[2018.02.21-12.29.29:451][216]LogExit: Transaction tracking system shut down
[2018.02.21-12.29.29:642][216]LogDirectoryWatcher: A directory notification for '../../../Engine/Content/' was aborted.
[2018.02.21-12.29.29:642][216]LogDirectoryWatcher: A directory notification for '../../../../../../Users/mirosal/Documents/Unreal Projects/GladiatorArena/Content/' was aborted.
[2018.02.21-12.29.29:643][216]LogDirectoryWatcher: A directory notification for '../../../Engine/Plugins/2D/Paper2D/Content/' was aborted.
[2018.02.21-12.29.29:643][216]LogDirectoryWatcher: A directory notification for '../../../Engine/Plugins/Runtime/Oculus/OculusVR/Content/' was aborted.
[2018.02.21-12.29.29:643][216]LogDirectoryWatcher: A directory notification for '../../../Engine/Plugins/Runtime/Steam/SteamVR/Content/' was aborted.
[2018.02.21-12.29.29:728][216]LogExit: Object subsystem successfully closed.
[2018.02.21-12.29.29:748][216]LogD3D11RHI: Shutdown
[2018.02.21-12.29.29:748][216]LogD3D11RHI: CleanupD3DDevice
[2018.02.21-12.29.29:811][216]LogD3D11RHI: ~FD3D11DynamicRHI
[2018.02.21-12.29.29:826][216]LogModuleManager: Shutting down and abandoning module GladiatorArena (545)
[2018.02.21-12.29.29:826][216]LogModuleManager: Shutting down and abandoning module MovieSceneCapture (541)
[2018.02.21-12.29.29:826][216]LogModuleManager: Shutting down and abandoning module BlueprintGraph (536)
[2018.02.21-12.29.29:826][216]LogModuleManager: Shutting down and abandoning module BlueprintProfiler (534)
[2018.02.21-12.29.29:826][216]LogModuleManager: Shutting down and abandoning module HierarchicalLODOutliner (532)
[2018.02.21-12.29.29:826][216]LogModuleManager: Shutting down and abandoning module AddContentDialog (530)
[2018.02.21-12.29.29:826][216]LogDirectoryWatcher: A directory notification for 'C:/Program Files/Epic Games/UE_4.17/FeaturePacks/' was aborted.
[2018.02.21-12.29.29:827][216]LogModuleManager: Shutting down and abandoning module WidgetCarousel (529)
[2018.02.21-12.29.29:827][216]LogModuleManager: Shutting down and abandoning module EditorWidgets (526)
[2018.02.21-12.29.29:827][216]LogModuleManager: Shutting down and abandoning module CollectionManager (524)
[2018.02.21-12.29.29:827][216]LogDirectoryWatcher: A directory notification for 'C:/Users/mirosal/Documents/Unreal Projects/GladiatorArena/Content/Collections/' was aborted.
[2018.02.21-12.29.29:827][216]LogDirectoryWatcher: A directory notification for 'C:/Users/mirosal/Documents/Unreal Projects/GladiatorArena/Content/Developers/mirosal/Collections/' was aborted.
[2018.02.21-12.29.29:827][216]LogDirectoryWatcher: A directory notification for 'C:/Users/mirosal/Documents/Unreal Projects/GladiatorArena/Saved/Collections/' was aborted.
[2018.02.21-12.29.29:827][216]LogModuleManager: Shutting down and abandoning module SceneOutliner (522)
[2018.02.21-12.29.29:827][216]LogModuleManager: Shutting down and abandoning module StatsViewer (520)
[2018.02.21-12.29.29:827][216]LogModuleManager: Shutting down and abandoning module FoliageEdit (518)
[2018.02.21-12.29.29:827][216]LogModuleManager: Shutting down and abandoning module LandscapeEditor (516)
[2018.02.21-12.29.29:827][216]LogModuleManager: Shutting down and abandoning module MeshPaintMode (514)
[2018.02.21-12.29.29:827][216]LogModuleManager: Shutting down and abandoning module SceneDepthPickerMode (512)
[2018.02.21-12.29.29:827][216]LogModuleManager: Shutting down and abandoning module ActorPickerMode (510)
[2018.02.21-12.29.29:827][216]LogModuleManager: Shutting down and abandoning module GeometryMode (508)
[2018.02.21-12.29.29:827][216]LogModuleManager: Shutting down and abandoning module TextureAlignMode (506)
[2018.02.21-12.29.29:827][216]LogModuleManager: Shutting down and abandoning module BspMode (504)
[2018.02.21-12.29.29:827][216]LogModuleManager: Shutting down and abandoning module PIEPreviewDeviceProfileSelector (502)
[2018.02.21-12.29.29:827][216]LogModuleManager: Shutting down and abandoning module HardwareSurvey (500)
[2018.02.21-12.29.29:827][216]LogModuleManager: Shutting down and abandoning module SequenceRecorderSections (498)
[2018.02.21-12.29.29:827][216]LogModuleManager: Shutting down and abandoning module AutomationWorker (496)
[2018.02.21-12.29.29:827][216]LogModuleManager: Shutting down and abandoning module MatineeToLevelSequence (494)
[2018.02.21-12.29.29:827][216]LogModuleManager: Shutting down and abandoning module LevelSequenceEditor (492)
[2018.02.21-12.29.29:827][216]LogModuleManager: Shutting down and abandoning module PlacementMode (491)
[2018.02.21-12.29.29:828][216]LogModuleManager: Shutting down and abandoning module WmfMediaFactory (488)
[2018.02.21-12.29.29:828][216]LogModuleManager: Shutting down and abandoning module WmfMediaEditor (486)
[2018.02.21-12.29.29:828][216]LogModuleManager: Shutting down and abandoning module AvfMediaFactory (484)
[2018.02.21-12.29.29:828][216]LogModuleManager: Shutting down and abandoning module AvfMediaEditor (482)
[2018.02.21-12.29.29:828][216]LogModuleManager: Shutting down and abandoning module AndroidMediaFactory (480)
[2018.02.21-12.29.29:828][216]LogModuleManager: Shutting down and abandoning module Media (479)
[2018.02.21-12.29.29:828][216]LogModuleManager: Shutting down and abandoning module AndroidMediaEditor (476)
[2018.02.21-12.29.29:828][216]LogModuleManager: Shutting down and abandoning module CharacterAI (474)
[2018.02.21-12.29.29:828][216]LogModuleManager: Shutting down and abandoning module AudioCapture (472)
[2018.02.21-12.29.29:828][216]LogModuleManager: Shutting down and abandoning module SequenceRecorder (471)
[2018.02.21-12.29.29:828][216]LogModuleManager: Shutting down and abandoning module SmartSnapping (468)
[2018.02.21-12.29.29:828][216]LogModuleManager: Shutting down and abandoning module SessionServices (466)
[2018.02.21-12.29.29:828][216]LogModuleManager: Shutting down and abandoning module ViewportSnapping (464)
[2018.02.21-12.29.29:828][216]LogModuleManager: Shutting down and abandoning module ViewportInteraction (462)
[2018.02.21-12.29.29:828][216]LogModuleManager: Shutting down and abandoning module ClothPainter (460)
[2018.02.21-12.29.29:828][216]LogModuleManager: Shutting down and abandoning module LogVisualizer (458)
[2018.02.21-12.29.29:828][216]LogModuleManager: Shutting down and abandoning module IntroTutorials (456)
[2018.02.21-12.29.29:828][216]LogModuleManager: Shutting down and abandoning module GameProjectGeneration (455)
[2018.02.21-12.29.29:828][216]LogModuleManager: Shutting down and abandoning module IOSPlatformEditor (452)
[2018.02.21-12.29.29:828][216]LogModuleManager: Shutting down and abandoning module HTML5PlatformEditor (450)
[2018.02.21-12.29.29:828][216]LogModuleManager: Shutting down and abandoning module AndroidPlatformEditor (448)
[2018.02.21-12.29.29:828][216]LogModuleManager: Shutting down and abandoning module AndroidDeviceDetection (447)
[2018.02.21-12.29.29:914][216]LogModuleManager: Shutting down and abandoning module WindowsPlatformEditor (444)
[2018.02.21-12.29.29:914][216]LogModuleManager: Shutting down and abandoning module IOSRuntimeSettings (442)
[2018.02.21-12.29.29:914][216]LogModuleManager: Shutting down and abandoning module AndroidRuntimeSettings (440)
[2018.02.21-12.29.29:914][216]LogModuleManager: Shutting down and abandoning module InputBindingEditor (438)
[2018.02.21-12.29.29:914][216]LogModuleManager: Shutting down and abandoning module MergeActors (436)
[2018.02.21-12.29.29:914][216]LogModuleManager: Shutting down and abandoning module SizeMap (434)
[2018.02.21-12.29.29:914][216]LogModuleManager: Shutting down and abandoning module TreeMap (432)
[2018.02.21-12.29.29:914][216]LogModuleManager: Shutting down and abandoning module ReferenceViewer (430)
[2018.02.21-12.29.29:914][216]LogModuleManager: Shutting down and abandoning module LocalizationDashboard (428)
[2018.02.21-12.29.29:914][216]LogModuleManager: Shutting down and abandoning module LocalizationService (427)
[2018.02.21-12.29.29:914][216]LogModuleManager: Shutting down and abandoning module HardwareTargeting (424)
[2018.02.21-12.29.29:914][216]LogModuleManager: Shutting down and abandoning module DeviceProfileEditor (422)
[2018.02.21-12.29.29:914][216]LogModuleManager: Shutting down and abandoning module UndoHistory (420)
[2018.02.21-12.29.29:914][216]LogModuleManager: Shutting down and abandoning module XmlParser (418)
[2018.02.21-12.29.29:914][216]LogModuleManager: Shutting down and abandoning module Blutility (416)
[2018.02.21-12.29.29:914][216]LogModuleManager: Shutting down and abandoning module ProjectSettingsViewer (414)
[2018.02.21-12.29.29:914][216]LogModuleManager: Shutting down and abandoning module ProjectTargetPlatformEditor (413)
[2018.02.21-12.29.29:915][216]LogModuleManager: Shutting down and abandoning module EditorSettingsViewer (410)
[2018.02.21-12.29.29:915][216]LogModuleManager: Shutting down and abandoning module SettingsEditor (408)
[2018.02.21-12.29.29:915][216]LogModuleManager: Shutting down and abandoning module ProjectLauncher (406)
[2018.02.21-12.29.29:915][216]LogModuleManager: Shutting down and abandoning module SessionFrontend (404)
[2018.02.21-12.29.29:915][216]LogModuleManager: Shutting down and abandoning module ProfilerClient (402)
[2018.02.21-12.29.29:915][216]LogModuleManager: Shutting down and abandoning module DeviceManager (400)
[2018.02.21-12.29.29:915][216]LogModuleManager: Shutting down and abandoning module TargetDeviceServices (399)
[2018.02.21-12.29.29:968][216]LogModuleManager: Shutting down and abandoning module AutomationController (396)
[2018.02.21-12.29.29:968][216]LogModuleManager: Shutting down and abandoning module AutomationWindow (394)
[2018.02.21-12.29.29:968][216]LogModuleManager: Shutting down and abandoning module Layers (392)
[2018.02.21-12.29.29:968][216]LogModuleManager: Shutting down and abandoning module ComponentVisualizers (390)
[2018.02.21-12.29.29:968][216]LogModuleManager: Shutting down and abandoning module DetailCustomizations (388)
[2018.02.21-12.29.29:968][216]LogModuleManager: Shutting down and abandoning module PackagesDialog (386)
[2018.02.21-12.29.29:969][216]LogModuleManager: Shutting down and abandoning module Persona (384)
[2018.02.21-12.29.29:969][216]LogModuleManager: Shutting down and abandoning module AdvancedPreviewScene (383)
[2018.02.21-12.29.29:969][216]LogModuleManager: Shutting down and abandoning module AnimGraph (381)
[2018.02.21-12.29.29:970][216]LogModuleManager: Shutting down and abandoning module Kismet (378)
[2018.02.21-12.29.29:995][216]LogModuleManager: Shutting down and abandoning module ClassViewer (376)
[2018.02.21-12.29.29:996][216]LogModuleManager: Shutting down and abandoning module Toolbox (374)
[2018.02.21-12.29.29:996][216]LogModuleManager: Shutting down and abandoning module ModuleUI (372)
[2018.02.21-12.29.29:996][216]LogModuleManager: Shutting down and abandoning module MovieSceneTools (370)
[2018.02.21-12.29.29:997][216]LogModuleManager: Shutting down and abandoning module OutputLog (368)
[2018.02.21-12.29.29:997][216]LogModuleManager: Shutting down and abandoning module GammaUI (366)
[2018.02.21-12.29.29:997][216]LogModuleManager: Shutting down and abandoning module Documentation (364)
[2018.02.21-12.29.29:997][216]LogModuleManager: Shutting down and abandoning module MovieSceneTracks (362)
[2018.02.21-12.29.29:997][216]LogModuleManager: Shutting down and abandoning module MovieScene (360)
[2018.02.21-12.29.29:997][216]LogModuleManager: Shutting down and abandoning module Niagara (358)
[2018.02.21-12.29.29:997][216]LogModuleManager: Shutting down and abandoning module NiagaraEditor (357)
[2018.02.21-12.29.29:997][216]LogModuleManager: Shutting down and abandoning module StreamingPauseRendering (354)
[2018.02.21-12.29.29:997][216]LogModuleManager: Shutting down and abandoning module LauncherPlatform (352)
[2018.02.21-12.29.29:997][216]LogModuleManager: Shutting down and abandoning module AnalyticsET (350)
[2018.02.21-12.29.29:997][216]LogModuleManager: Shutting down and abandoning module PortalServices (348)
[2018.02.21-12.29.29:997][216]LogModuleManager: Shutting down and abandoning module PortalRpc (346)
[2018.02.21-12.29.29:997][216]LogModuleManager: Shutting down and abandoning module MessagingRpc (344)
[2018.02.21-12.29.29:997][216]LogModuleManager: Shutting down and abandoning module AIModule (342)
[2018.02.21-12.29.29:997][216]LogModuleManager: Shutting down and abandoning module GameplayDebugger (341)
[2018.02.21-12.29.29:997][216]LogModuleManager: Shutting down and abandoning module AITestSuite (339)
[2018.02.21-12.29.29:997][216]LogModuleManager: Shutting down and abandoning module ProfilerService (336)
[2018.02.21-12.29.30:126][216]LogModuleManager: Shutting down and abandoning module TaskGraph (334)
[2018.02.21-12.29.30:126][216]LogModuleManager: Shutting down and abandoning module SteamVRController (332)
[2018.02.21-12.29.30:126][216]LogModuleManager: Shutting down and abandoning module ProceduralMeshComponentEditor (330)
[2018.02.21-12.29.30:126][216]LogModuleManager: Shutting down and abandoning module ProceduralMeshComponent (328)
[2018.02.21-12.29.30:126][216]LogModuleManager: Shutting down and abandoning module OculusInput (326)
[2018.02.21-12.29.30:126][216]LogModuleManager: Shutting down and abandoning module MobilePatchingUtils (324)
[2018.02.21-12.29.30:127][216]LogModuleManager: Shutting down and abandoning module CustomMeshComponent (322)
[2018.02.21-12.29.30:127][216]LogModuleManager: Shutting down and abandoning module CableComponent (320)
[2018.02.21-12.29.30:127][216]LogModuleManager: Shutting down and abandoning module ArchVisCharacter (318)
[2018.02.21-12.29.30:127][216]LogModuleManager: Shutting down and abandoning module AndroidPermission (316)
[2018.02.21-12.29.30:127][216]LogModuleManager: Shutting down and abandoning module MediaPlayerEditor (312)
[2018.02.21-12.29.30:127][216]LogModuleManager: Shutting down and abandoning module HTML5Networking (310)
[2018.02.21-12.29.30:127][216]LogModuleManager: Shutting down and abandoning module AlembicImporter (308)
[2018.02.21-12.29.30:127][216]LogModuleManager: Shutting down and abandoning module AlembicLibrary (307)
[2018.02.21-12.29.30:127][216]LogModuleManager: Shutting down and abandoning module GeometryCache (306)
[2018.02.21-12.29.30:127][216]LogModuleManager: Shutting down and abandoning module GeometryCacheEd (305)
[2018.02.21-12.29.30:127][216]LogModuleManager: Shutting down and abandoning module SpeedTreeImporter (300)
[2018.02.21-12.29.30:127][216]LogModuleManager: Shutting down and abandoning module PluginBrowser (298)
[2018.02.21-12.29.30:127][216]LogModuleManager: Shutting down and abandoning module MobileLauncherProfileWizard (296)
[2018.02.21-12.29.30:128][216]LogModuleManager: Shutting down and abandoning module VisualStudioSourceCodeAccess (294)
[2018.02.21-12.29.30:128][216]LogModuleManager: Shutting down and abandoning module DesktopPlatform (293)
[2018.02.21-12.29.30:128][216]LogModuleManager: Shutting down and abandoning module UObjectPlugin (290)
[2018.02.21-12.29.30:128][216]LogModuleManager: Shutting down and abandoning module SubversionSourceControl (288)
[2018.02.21-12.29.30:128][216]LogModuleManager: Shutting down and abandoning module PerforceSourceControl (286)
[2018.02.21-12.29.30:128][216]LogModuleManager: Shutting down and abandoning module GitSourceControl (284)
[2018.02.21-12.29.30:128][216]LogModuleManager: Shutting down and abandoning module SourceControl (283)
[2018.02.21-12.29.30:128][216]LogModuleManager: Shutting down and abandoning module LightPropagationVolumeEditor (280)
[2018.02.21-12.29.30:128][216]LogModuleManager: Shutting down and abandoning module PaperTiledImporter (278)
[2018.02.21-12.29.30:128][216]LogModuleManager: Shutting down and abandoning module PaperSpriteSheetImporter (276)
[2018.02.21-12.29.30:128][216]LogModuleManager: Shutting down and abandoning module Paper2DEditor (274)
[2018.02.21-12.29.30:129][216]LogModuleManager: Shutting down and abandoning module MeshPaint (273)
[2018.02.21-12.29.30:129][216]LogModuleManager: Shutting down and abandoning module LevelEditor (271)
[2018.02.21-12.29.30:131][216]LogModuleManager: Shutting down and abandoning module PixelInspectorModule (270)
[2018.02.21-12.29.30:131][216]LogModuleManager: Shutting down and abandoning module MainFrame (268)
[2018.02.21-12.29.30:131][216]LogModuleManager: Shutting down and abandoning module HotReload (267)
[2018.02.21-12.29.30:131][216]LogDirectoryWatcher: A directory notification for 'C:/Users/mirosal/Documents/Unreal Projects/GladiatorArena/Binaries/Win64' was aborted.
[2018.02.21-12.29.30:132][216]LogModuleManager: Shutting down and abandoning module RuntimePhysXCooking (260)
[2018.02.21-12.29.30:132][216]LogModuleManager: Shutting down and abandoning module PhysXVehiclesEditor (258)
[2018.02.21-12.29.30:133][216]LogModuleManager: Shutting down and abandoning module PhysXVehicles (256)
[2018.02.21-12.29.30:133][216]LogModuleManager: Shutting down and abandoning module OculusEditor (254)
[2018.02.21-12.29.30:133][216]LogModuleManager: Shutting down and abandoning module LocationServicesBPLibrary (252)
[2018.02.21-12.29.30:133][216]LogModuleManager: Shutting down and abandoning module ImmediatePhysicsEditor (250)
[2018.02.21-12.29.30:133][216]LogModuleManager: Shutting down and abandoning module ImmediatePhysics (248)
[2018.02.21-12.29.30:133][216]LogModuleManager: Shutting down and abandoning module UdpMessaging (246)
[2018.02.21-12.29.30:234][216]LogModuleManager: Shutting down and abandoning module TcpMessaging (244)
[2018.02.21-12.29.30:334][216]LogModuleManager: Shutting down and abandoning module GameplayTagsEditor (242)
[2018.02.21-12.29.30:334][216]LogModuleManager: Shutting down and abandoning module FacialAnimationEditor (240)
[2018.02.21-12.29.30:334][216]LogModuleManager: Shutting down and abandoning module FacialAnimation (238)
[2018.02.21-12.29.30:334][216]LogModuleManager: Shutting down and abandoning module AssetManagerEditor (236)
[2018.02.21-12.29.30:334][216]LogModuleManager: Shutting down and abandoning module GraphEditor (235)
[2018.02.21-12.29.30:334][216]LogModuleManager: Shutting down and abandoning module ContentBrowser (233)
[2018.02.21-12.29.30:335][216]LogModuleManager: Shutting down and abandoning module LightPropagationVolumeRuntime (230)
[2018.02.21-12.29.30:335][216]LogModuleManager: Shutting down and abandoning module Paper2D (228)
[2018.02.21-12.29.30:335][216]LogModuleManager: Shutting down and abandoning module WindowsMoviePlayer (226)
[2018.02.21-12.29.30:335][216]LogModuleManager: Shutting down and abandoning module WmfMedia (224)
[2018.02.21-12.29.30:335][216]LogModuleManager: Shutting down and abandoning module PacketHandler (222)
[2018.02.21-12.29.30:335][216]LogModuleManager: Shutting down and abandoning module ClothingSystemEditor (220)
[2018.02.21-12.29.30:335][216]LogModuleManager: Shutting down and abandoning module ClothingSystemRuntime (218)
[2018.02.21-12.29.30:335][216]LogModuleManager: Shutting down and abandoning module Overlay (216)
[2018.02.21-12.29.30:335][216]LogModuleManager: Shutting down and abandoning module OverlayEditor (215)
[2018.02.21-12.29.30:335][216]LogModuleManager: Shutting down and abandoning module MediaAssets (212)
[2018.02.21-12.29.30:335][216]LogModuleManager: Shutting down and abandoning module VREditor (210)
[2018.02.21-12.29.30:335][216]LogModuleManager: Shutting down and abandoning module StringTableEditor (208)
[2018.02.21-12.29.30:335][216]LogModuleManager: Shutting down and abandoning module GameplayTasksEditor (206)
[2018.02.21-12.29.30:335][216]LogModuleManager: Shutting down and abandoning module BehaviorTreeEditor (204)
[2018.02.21-12.29.30:335][216]LogModuleManager: Shutting down and abandoning module FunctionalTesting (202)
[2018.02.21-12.29.30:335][216]LogModuleManager: Shutting down and abandoning module CollisionAnalyzer (200)
[2018.02.21-12.29.30:335][216]LogModuleManager: Shutting down and abandoning module WorkspaceMenuStructure (199)
[2018.02.21-12.29.30:335][216]LogModuleManager: Shutting down and abandoning module UMG (196)
[2018.02.21-12.29.30:335][216]LogModuleManager: Shutting down and abandoning module UMGEditor (195)
[2018.02.21-12.29.30:335][216]LogModuleManager: Shutting down and abandoning module Sequencer (194)
[2018.02.21-12.29.30:335][216]LogModuleManager: Shutting down and abandoning module MessageLog (191)
[2018.02.21-12.29.30:335][216]LogModuleManager: Shutting down and abandoning module SlateReflector (186)
[2018.02.21-12.29.30:335][216]LogModuleManager: Shutting down and abandoning module Slate (184)
[2018.02.21-12.29.30:335][216]LogModuleManager: Shutting down and abandoning module EditorStyle (182)
[2018.02.21-12.29.30:337][216]LogModuleManager: Shutting down and abandoning module MRMesh (180)
[2018.02.21-12.29.30:337][216]LogModuleManager: Shutting down and abandoning module SourceCodeAccess (178)
[2018.02.21-12.29.30:337][216]LogModuleManager: Shutting down and abandoning module HeadMountedDisplay (176)
[2018.02.21-12.29.30:337][216]LogModuleManager: Shutting down and abandoning module XAudio2 (174)
[2018.02.21-12.29.30:337][216]LogModuleManager: Shutting down and abandoning module Networking (172)
[2018.02.21-12.29.30:337][216]LogModuleManager: Shutting down and abandoning module Core (168)
[2018.02.21-12.29.30:337][216]LogModuleManager: Shutting down and abandoning module KismetCompiler (164)
[2018.02.21-12.29.30:337][216]LogModuleManager: Shutting down and abandoning module LevelSequence (162)
[2018.02.21-12.29.30:337][216]LogModuleManager: Shutting down and abandoning module MeshUtilities (160)
[2018.02.21-12.29.30:337][216]LogModuleManager: Shutting down and abandoning module MeshMergeUtilities (159)
[2018.02.21-12.29.30:337][216]LogModuleManager: Shutting down and abandoning module MeshReductionInterface (158)
[2018.02.21-12.29.30:337][216]LogModuleManager: Shutting down and abandoning module SimplygonSwarm (157)
[2018.02.21-12.29.30:337][216]LogModuleManager: Shutting down and abandoning module SimplygonMeshReduction (155)
[2018.02.21-12.29.30:337][216]LogModuleManager: Shutting down and abandoning module QuadricMeshReduction (153)
[2018.02.21-12.29.30:337][216]LogModuleManager: Shutting down and abandoning module MaterialBaking (149)
[2018.02.21-12.29.30:337][216]LogModuleManager: Shutting down and abandoning module DirectoryWatcher (146)
[2018.02.21-12.29.30:338][216]LogModuleManager: Shutting down and abandoning module DerivedDataCache (144)
[2018.02.21-12.29.30:394][216]LogDerivedDataCache: Shutdown
[2018.02.21-12.29.30:394][216]LogModuleManager: Shutting down and abandoning module TargetPlatform (142)
[2018.02.21-12.29.30:394][216]LogModuleManager: Shutting down and abandoning module VulkanShaderFormat (141)
[2018.02.21-12.29.30:394][216]LogModuleManager: Shutting down and abandoning module ShaderFormatVectorVM (139)
[2018.02.21-12.29.30:394][216]LogModuleManager: Shutting down and abandoning module ShaderFormatOpenGL (137)
[2018.02.21-12.29.30:394][216]LogModuleManager: Shutting down and abandoning module ShaderFormatD3D (135)
[2018.02.21-12.29.30:394][216]LogModuleManager: Shutting down and abandoning module MetalShaderFormat (133)
[2018.02.21-12.29.30:394][216]LogModuleManager: Shutting down and abandoning module TextureFormatUncompressed (131)
[2018.02.21-12.29.30:394][216]LogModuleManager: Shutting down and abandoning module TextureFormatPVR (129)
[2018.02.21-12.29.30:394][216]LogModuleManager: Shutting down and abandoning module TextureFormatDXT (127)
[2018.02.21-12.29.30:394][216]LogModuleManager: Shutting down and abandoning module TextureFormatIntelISPCTexComp (125)
[2018.02.21-12.29.30:394][216]LogModuleManager: Shutting down and abandoning module TextureFormatASTC (123)
[2018.02.21-12.29.30:394][216]LogModuleManager: Shutting down and abandoning module ImageWrapper (122)
[2018.02.21-12.29.30:394][216]LogModuleManager: Shutting down and abandoning module TextureFormatAndroid (119)
[2018.02.21-12.29.30:394][216]LogModuleManager: Shutting down and abandoning module AudioFormatOpus (117)
[2018.02.21-12.29.30:394][216]LogModuleManager: Shutting down and abandoning module AudioFormatOgg (115)
[2018.02.21-12.29.30:394][216]LogModuleManager: Shutting down and abandoning module AudioFormatADPCM (113)
[2018.02.21-12.29.30:394][216]LogModuleManager: Shutting down and abandoning module LinuxTargetPlatform (111)
[2018.02.21-12.29.30:394][216]LogModuleManager: Shutting down and abandoning module LinuxServerTargetPlatform (109)
[2018.02.21-12.29.30:394][216]LogModuleManager: Shutting down and abandoning module LinuxNoEditorTargetPlatform (107)
[2018.02.21-12.29.30:394][216]LogModuleManager: Shutting down and abandoning module LinuxClientTargetPlatform (105)
[2018.02.21-12.29.30:394][216]LogModuleManager: Shutting down and abandoning module TVOSTargetPlatform (103)
[2018.02.21-12.29.30:394][216]LogModuleManager: Shutting down and abandoning module Messaging (101)
[2018.02.21-12.29.30:394][216]LogModuleManager: Shutting down and abandoning module IOSTargetPlatform (99)
[2018.02.21-12.29.30:394][216]LogModuleManager: Shutting down and abandoning module HTML5TargetPlatform (97)
[2018.02.21-12.29.30:394][216]LogModuleManager: Shutting down and abandoning module Android_PVRTCTargetPlatform (95)
[2018.02.21-12.29.30:395][216]LogModuleManager: Shutting down and abandoning module Android_MultiTargetPlatform (93)
[2018.02.21-12.29.30:395][216]LogModuleManager: Shutting down and abandoning module Android_ETC2TargetPlatform (91)
[2018.02.21-12.29.30:395][216]LogModuleManager: Shutting down and abandoning module Android_ETC1TargetPlatform (89)
[2018.02.21-12.29.30:395][216]LogModuleManager: Shutting down and abandoning module Android_DXTTargetPlatform (87)
[2018.02.21-12.29.30:395][216]LogModuleManager: Shutting down and abandoning module Android_ATCTargetPlatform (85)
[2018.02.21-12.29.30:395][216]LogModuleManager: Shutting down and abandoning module Android_ASTCTargetPlatform (83)
[2018.02.21-12.29.30:395][216]LogModuleManager: Shutting down and abandoning module AndroidTargetPlatform (81)
[2018.02.21-12.29.30:395][216]LogModuleManager: Shutting down and abandoning module WindowsTargetPlatform (79)
[2018.02.21-12.29.30:395][216]LogModuleManager: Shutting down and abandoning module WindowsServerTargetPlatform (77)
[2018.02.21-12.29.30:395][216]LogModuleManager: Shutting down and abandoning module WindowsNoEditorTargetPlatform (75)
[2018.02.21-12.29.30:395][216]LogModuleManager: Shutting down and abandoning module WindowsClientTargetPlatform (73)
[2018.02.21-12.29.30:395][216]LogModuleManager: Shutting down and abandoning module MacTargetPlatform (71)
[2018.02.21-12.29.30:395][216]LogModuleManager: Shutting down and abandoning module MacServerTargetPlatform (69)
[2018.02.21-12.29.30:395][216]LogModuleManager: Shutting down and abandoning module MacNoEditorTargetPlatform (67)
[2018.02.21-12.29.30:395][216]LogModuleManager: Shutting down and abandoning module MacClientTargetPlatform (65)
[2018.02.21-12.29.30:395][216]LogModuleManager: Shutting down and abandoning module AllDesktopTargetPlatform (63)
[2018.02.21-12.29.30:395][216]LogModuleManager: Shutting down and abandoning module InputCore (60)
[2018.02.21-12.29.30:395][216]LogModuleManager: Shutting down and abandoning module Settings (58)
[2018.02.21-12.29.30:395][216]LogModuleManager: Shutting down and abandoning module PhysXCooking (56)
[2018.02.21-12.29.30:395][216]LogModuleManager: Shutting down and abandoning module SteamVR (54)
[2018.02.21-12.29.30:395][216]LogModuleManager: Shutting down and abandoning module OculusHMD (52)
[2018.02.21-12.29.30:395][216]LogModuleManager: Shutting down and abandoning module ExampleDeviceProfileSelector (50)
[2018.02.21-12.29.30:395][216]LogModuleManager: Shutting down and abandoning module OnlineBlueprintSupport (48)
[2018.02.21-12.29.30:395][216]LogModuleManager: Shutting down and abandoning module OnlineSubsystem (44)
[2018.02.21-12.29.30:395][216]LogOnline: Display: Unloading online subsystem: NULL
[2018.02.21-12.29.30:395][216]LogModuleManager: Shutting down and abandoning module XMPP (43)
[2018.02.21-12.29.30:395][216]LogModuleManager: Shutting down and abandoning module HTTP (41)
[2018.02.21-12.29.30:395][216]LogHttp: Display: Http module shutting down, but needs to wait on 1 outstanding Http requests:
[2018.02.21-12.29.30:395][216]LogHttp: Display: 	verb=[POST] url=[https://datarouter.ol.epicgames.com/datarouter/api/v1/public/data?SessionID=%7BC8162AAB-4DB2-7EDD-C094-09A3D74A0FB4%7D&AppID=UEEditor.Rocket.Release&AppVersion=4.17.2-3658906%2B%2B%2BUE4%2BRelease-4.17&UserID=31e93c10468a01faeb8f9e94af4accbc%7C57b9a74258df44938587129645e89dd0%7C2a8bc793-846c-44d8-9fba-1d1c143f1d8f&AppEnvironment=datacollector-binary&UploadType=eteventstream] status=Processing
[2018.02.21-12.29.30:402][216]LogModuleManager: Shutting down and abandoning module SSL (40)
[2018.02.21-12.29.30:403][216]LogModuleManager: Shutting down and abandoning module AnimationModifiers (36)
[2018.02.21-12.29.30:403][216]LogModuleManager: Shutting down and abandoning module PropertyEditor (35)
[2018.02.21-12.29.30:403][216]LogModuleManager: Shutting down and abandoning module AudioEditor (32)
[2018.02.21-12.29.30:403][216]LogModuleManager: Shutting down and abandoning module TextureCompressor (30)
[2018.02.21-12.29.30:403][216]LogModuleManager: Shutting down and abandoning module ShaderCore (28)
[2018.02.21-12.29.30:403][216]LogModuleManager: Shutting down and abandoning module Landscape (26)
[2018.02.21-12.29.30:403][216]LogModuleManager: Shutting down and abandoning module SlateRHIRenderer (24)
[2018.02.21-12.29.30:404][216]LogModuleManager: Shutting down and abandoning module OpenGLDrv (22)
[2018.02.21-12.29.30:404][216]LogModuleManager: Shutting down and abandoning module D3D11RHI (20)
[2018.02.21-12.29.30:404][216]LogModuleManager: Shutting down and abandoning module AnimGraphRuntime (18)
[2018.02.21-12.29.30:404][216]LogModuleManager: Shutting down and abandoning module Renderer (16)
[2018.02.21-12.29.30:404][216]LogModuleManager: Shutting down and abandoning module Engine (14)
[2018.02.21-12.29.30:404][216]LogModuleManager: Shutting down and abandoning module CoreUObject (12)
[2018.02.21-12.29.30:404][216]LogModuleManager: Shutting down and abandoning module NetworkFile (10)
[2018.02.21-12.29.30:404][216]LogModuleManager: Shutting down and abandoning module CookedIterativeFile (8)
[2018.02.21-12.29.30:404][216]LogModuleManager: Shutting down and abandoning module StreamingFile (6)
[2018.02.21-12.29.30:404][216]LogModuleManager: Shutting down and abandoning module SandboxFile (4)
[2018.02.21-12.29.30:404][216]LogModuleManager: Shutting down and abandoning module PakFile (2)
[2018.02.21-12.29.30:407][216]LogExit: Exiting.
[2018.02.21-12.29.30:415][216]Log file closed, 02/21/18 14:29:30
